<?xml version="1.0" encoding="UTF-8"?>
<!-- Generated by org.testng.reporters.JUnitXMLReporter -->
<testsuite ignored="0" hostname="DESKTOP-F280F2S" failures="1" tests="1" name="Default test" time="10.414" errors="0" timestamp="2022-10-18T11:00:29 IST">
  <testcase classname="com.pageTests.BedroomTests" name="checkBedroomDropdownItems" time="4.747">
    <failure type="java.lang.AssertionError" message="expected [Beds
Beds with Storage
Beds without Storage
King Size Beds
Queen Size Beds
Single Beds
Double Beds
Bed-Mattress Sets
Upholstered Beds
Trundle Beds
Sofa cum Beds
Bedroom Sets
All Beds
Mattresses
All Mattresses
King Size Mattress
Queen Size Mattress
Single Bed Mattress
Double Bed Mattress
Mattress By Material
Mattress by Brand
Mattress By Range
Mattress By Firmness
Mattress Protectors
Pillows
Storage &amp;amp; Accessories
Wardrobes
Bedside Tables
Chest of Drawers
Dressers &amp;amp; Mirrors
Bedroom Benches
Storage Chests
Bedroom Chairs
Plastic Storage
Kids Room
Kids Beds
Kids Tables
Bunk Beds
Kids Seating
Kids Decor] but found [Beds
Beds with Storage
Beds without Storage
King Size Beds
Queen Size Beds
Single Beds
Double Beds
Bed-Mattress Sets
Upholstered Beds
Trundle Beds
Sofa cum Beds
Bedroom Sets
All Beds
Mattresses
All Mattresses
King Size Mattress
Queen Size Mattress
Single Bed Mattress
Double Bed Mattress
Mattress By Material
Mattress by Brand
Mattress By Range
Mattress By Firmness
Mattress Protectors
Pillows
Storage &amp;amp; Accessories
Wardrobes
Bedside Tables
Chest of Drawers
Dressers &amp;amp; Mirrors
Bedroom Benches
Storage Chests
Bedroom Chairs
Plastic Storage
Kids Room
Kids Beds
Kids Tables
Bunk Beds
Kids Seating
Kids Decor]">
      <![CDATA[java.lang.AssertionError: expected [Beds
Beds with Storage
Beds without Storage
King Size Beds
Queen Size Beds
Single Beds
Double Beds
Bed-Mattress Sets
Upholstered Beds
Trundle Beds
Sofa cum Beds
Bedroom Sets
All Beds
Mattresses
All Mattresses
King Size Mattress
Queen Size Mattress
Single Bed Mattress
Double Bed Mattress
Mattress By Material
Mattress by Brand
Mattress By Range
Mattress By Firmness
Mattress Protectors
Pillows
Storage & Accessories
Wardrobes
Bedside Tables
Chest of Drawers
Dressers & Mirrors
Bedroom Benches
Storage Chests
Bedroom Chairs
Plastic Storage
Kids Room
Kids Beds
Kids Tables
Bunk Beds
Kids Seating
Kids Decor] but found [Beds
Beds with Storage
Beds without Storage
King Size Beds
Queen Size Beds
Single Beds
Double Beds
Bed-Mattress Sets
Upholstered Beds
Trundle Beds
Sofa cum Beds
Bedroom Sets
All Beds
Mattresses
All Mattresses
King Size Mattress
Queen Size Mattress
Single Bed Mattress
Double Bed Mattress
Mattress By Material
Mattress by Brand
Mattress By Range
Mattress By Firmness
Mattress Protectors
Pillows
Storage & Accessories
Wardrobes
Bedside Tables
Chest of Drawers
Dressers & Mirrors
Bedroom Benches
Storage Chests
Bedroom Chairs
Plastic Storage
Kids Room
Kids Beds
Kids Tables
Bunk Beds
Kids Seating
Kids Decor]
at org.testng.Assert.fail(Assert.java:99)
at org.testng.Assert.failNotEquals(Assert.java:1037)
at org.testng.Assert.assertEqualsImpl(Assert.java:140)
at org.testng.Assert.assertEquals(Assert.java:122)
at org.testng.Assert.assertEquals(Assert.java:629)
at org.testng.Assert.assertEquals(Assert.java:639)
at com.pages.BedroomPage.saveItems(BedroomPage.java:77)
at com.pageTests.BedroomTests.checkBedroomDropdownItems(BedroomTests.java:16)
at java.base/jdk.internal.reflect.DirectMethodHandleAccessor.invoke(DirectMethodHandleAccessor.java:104)
at java.base/java.lang.reflect.Method.invoke(Method.java:577)
at org.testng.internal.MethodInvocationHelper.invokeMethod(MethodInvocationHelper.java:133)
at org.testng.internal.TestInvoker.invokeMethod(TestInvoker.java:598)
at org.testng.internal.TestInvoker.invokeTestMethod(TestInvoker.java:173)
at org.testng.internal.MethodRunner.runInSequence(MethodRunner.java:46)
at org.testng.internal.TestInvoker$MethodInvocationAgent.invoke(TestInvoker.java:824)
at org.testng.internal.TestInvoker.invokeTestMethods(TestInvoker.java:146)
at org.testng.internal.TestMethodWorker.invokeTestMethods(TestMethodWorker.java:146)
at org.testng.internal.TestMethodWorker.run(TestMethodWorker.java:128)
at java.base/java.util.ArrayList.forEach(ArrayList.java:1511)
at org.testng.TestRunner.privateRun(TestRunner.java:794)
at org.testng.TestRunner.run(TestRunner.java:596)
at org.testng.SuiteRunner.runTest(SuiteRunner.java:377)
at org.testng.SuiteRunner.runSequentially(SuiteRunner.java:371)
at org.testng.SuiteRunner.privateRun(SuiteRunner.java:332)
at org.testng.SuiteRunner.run(SuiteRunner.java:276)
at org.testng.SuiteRunnerWorker.runSuite(SuiteRunnerWorker.java:53)
at org.testng.SuiteRunnerWorker.run(SuiteRunnerWorker.java:96)
at org.testng.TestNG.runSuitesSequentially(TestNG.java:1212)
at org.testng.TestNG.runSuitesLocally(TestNG.java:1134)
at org.testng.TestNG.runSuites(TestNG.java:1063)
at org.testng.TestNG.run(TestNG.java:1031)
at org.testng.remote.AbstractRemoteTestNG.run(AbstractRemoteTestNG.java:115)
at org.testng.remote.RemoteTestNG.initAndRun(RemoteTestNG.java:251)
at org.testng.remote.RemoteTestNG.main(RemoteTestNG.java:77)
]]>
    </failure>
  </testcase> <!-- checkBedroomDropdownItems -->
</testsuite> <!-- Default test -->
