<?xml version="1.0" encoding="UTF-8"?>
<!-- Generated by org.testng.reporters.JUnitXMLReporter -->
<testsuite ignored="7" hostname="DESKTOP-F280F2S" failures="0" tests="1" name="Default test" time="9.755" errors="0" timestamp="2022-10-11T23:06:55 IST">
  <testcase classname="com.pageTests.LivingRoomTests" name="verifyIfLivingCatalogProductListIsDisplayed" time="6.362"/>
  <testcase classname="com.pageTests.LivingRoomTests" name="verifyIfLivingRoomDropBoxOpensAndComparesSelectedItems" time="0.0">
    <ignored/>
  </testcase> <!-- verifyIfLivingRoomDropBoxOpensAndComparesSelectedItems -->
  <testcase classname="com.pageTests.LivingRoomTests" name="sortByLowToHigh" time="0.0">
    <ignored/>
  </testcase> <!-- sortByLowToHigh -->
  <testcase classname="com.pageTests.LivingRoomTests" name="sortByDiscount" time="0.0">
    <ignored/>
  </testcase> <!-- sortByDiscount -->
  <testcase classname="com.pageTests.LivingRoomTests" name="sortByRecommended" time="0.0">
    <ignored/>
  </testcase> <!-- sortByRecommended -->
  <testcase classname="com.pageTests.LivingRoomTests" name="sortByHighToLow" time="0.0">
    <ignored/>
  </testcase> <!-- sortByHighToLow -->
  <testcase classname="com.pageTests.LivingRoomTests" name="sorByNewArrivals" time="0.0">
    <ignored/>
  </testcase> <!-- sorByNewArrivals -->
  <testcase classname="com.pageTests.LivingRoomTests" name="loadCoffeeTablePage" time="0.0">
    <ignored/>
  </testcase> <!-- loadCoffeeTablePage -->
</testsuite> <!-- Default test -->
