<?xml version="1.0" encoding="UTF-8"?>
<!-- Generated by org.testng.reporters.JUnitXMLReporter -->
<testsuite ignored="0" hostname="DESKTOP-F280F2S" failures="0" tests="3" name="Home Tests" time="11.467" errors="0" timestamp="2022-10-14T17:18:16 IST">
  <testcase classname="com.pageTests.HomeTests" name="checkIfInvalidSymbolsDeniedBySearchBar" time="2.189"/>
  <testcase classname="com.pageTests.HomeTests" name="checkIfNumbersDeniedBySearchBar" time="1.819"/>
  <testcase classname="com.pageTests.HomeTests" name="checkLogo" time="1.078"/>
</testsuite> <!-- Home Tests -->
