<?xml version="1.0" encoding="UTF-8"?>
<!-- Generated by org.testng.reporters.JUnitXMLReporter -->
<testsuite ignored="0" hostname="DESKTOP-F280F2S" failures="0" tests="5" name="Login Tests" time="63.755" errors="0" timestamp="2022-10-12T14:03:04 IST">
  <testcase classname="com.pageTests.LoginTests" name="getTextOfLoginPage" time="12.32"/>
  <testcase classname="com.pageTests.LoginTests" name="getTextOfSignUpPage" time="12.166"/>
  <testcase classname="com.pageTests.LoginTests" name="verifyIfCloseButtonIsWorking" time="9.208"/>
  <testcase classname="com.pageTests.LoginTests" name="verifyIfFacebookAndGooglePageIsRedirecting" time="10.839"/>
  <testcase classname="com.pageTests.LoginTests" name="verifyIfLoginIsTakingPlaceSuccessfully" time="16.732"/>
</testsuite> <!-- Login Tests -->
