<?xml version="1.0" encoding="UTF-8"?>
<!-- Generated by org.testng.reporters.JUnitXMLReporter -->
<testsuite ignored="0" hostname="DESKTOP-F280F2S" failures="0" tests="5" name="Login Tests" time="80.552" errors="0" timestamp="2022-10-12T11:44:00 IST">
  <testcase classname="com.pageTests.LoginTests" name="getTextOfLoginPage" time="12.675"/>
  <testcase classname="com.pageTests.LoginTests" name="getTextOfSignUpPage" time="12.577"/>
  <testcase classname="com.pageTests.LoginTests" name="verifyIfCloseButtonIsWorking" time="9.308"/>
  <testcase classname="com.pageTests.LoginTests" name="verifyIfFacebookAndGooglePageIsRedirecting" time="10.874"/>
  <testcase classname="com.pageTests.LoginTests" name="verifyIfLoginIsTakingPlaceSuccessfully" time="17.325"/>
</testsuite> <!-- Login Tests -->
