<?xml version="1.0" encoding="UTF-8"?>
<!-- Generated by org.testng.reporters.JUnitXMLReporter -->
<testsuite ignored="0" hostname="DESKTOP-F280F2S" failures="0" tests="3" name="Home Tests" time="13.18" errors="0" timestamp="2022-10-19T15:48:05 IST">
  <testcase classname="com.pageTests.HomeTests" name="checkIfInvalidSymbolsDeniedBySearchBar" time="4.297"/>
  <testcase classname="com.pageTests.HomeTests" name="checkIfNumbersDeniedBySearchBar" time="1.755"/>
  <testcase classname="com.pageTests.HomeTests" name="checkLogo" time="0.974"/>
</testsuite> <!-- Home Tests -->
