<?xml version="1.0" encoding="UTF-8"?>
<testng-results ignored="0" total="0" passed="0" failed="0" skipped="0">
  <reporter-output>
  </reporter-output>
  <suite started-at="2022-10-04T14:14:37 IST" name="Suite" finished-at="2022-10-04T14:14:37 IST" duration-ms="13">
    <groups>
    </groups>
    <test started-at="2022-10-04T14:14:37 IST" name="Firefox" finished-at="2022-10-04T14:14:37 IST" duration-ms="13">
    </test> <!-- Firefox -->
    <test started-at="2022-10-04T14:14:37 IST" name="Edge" finished-at="2022-10-04T14:14:37 IST" duration-ms="13">
    </test> <!-- Edge -->
    <test started-at="2022-10-04T14:14:37 IST" name="Chrome" finished-at="2022-10-04T14:14:37 IST" duration-ms="13">
    </test> <!-- Chrome -->
  </suite> <!-- Suite -->
</testng-results>
