<?xml version="1.0" encoding="UTF-8"?>
<testng-results ignored="8" total="9" passed="1" failed="0" skipped="0">
  <reporter-output>
  </reporter-output>
  <suite started-at="2022-10-13T22:44:48 IST" name="Default suite" finished-at="2022-10-13T22:46:52 IST" duration-ms="123877">
    <groups>
    </groups>
    <test started-at="2022-10-13T22:44:48 IST" name="Default test" finished-at="2022-10-13T22:46:52 IST" duration-ms="123877">
      <class name="com.pageTests.LivingRoomTests">
        <test-method is-config="true" signature="setUp(java.lang.String)[pri:0, instance:com.pageTests.LivingRoomTests@7dda48d9]" started-at="2022-10-13T22:44:48 IST" name="setUp" finished-at="2022-10-13T22:44:55 IST" duration-ms="6635" status="PASS">
          <params>
            <param index="0">
              <value is-null="true"/>
            </param>
          </params>
          <reporter-output>
          </reporter-output>
        </test-method> <!-- setUp -->
        <test-method signature="checkIfTheProductPageOperationsArePerformed()[pri:0, instance:com.pageTests.LivingRoomTests@7dda48d9]" started-at="2022-10-13T22:44:55 IST" name="checkIfTheProductPageOperationsArePerformed" finished-at="2022-10-13T22:46:51 IST" duration-ms="116792" status="PASS">
          <reporter-output>
          </reporter-output>
        </test-method> <!-- checkIfTheProductPageOperationsArePerformed -->
        <test-method is-config="true" signature="tearDown()[pri:0, instance:com.pageTests.LivingRoomTests@7dda48d9]" started-at="2022-10-13T22:46:51 IST" name="tearDown" finished-at="2022-10-13T22:46:52 IST" duration-ms="366" status="PASS">
          <reporter-output>
          </reporter-output>
        </test-method> <!-- tearDown -->
      </class> <!-- com.pageTests.LivingRoomTests -->
    </test> <!-- Default test -->
  </suite> <!-- Default suite -->
</testng-results>
