<?xml version="1.0" encoding="UTF-8"?>
<testng-results ignored="0" total="1" passed="1" failed="0" skipped="0">
  <reporter-output>
  </reporter-output>
  <suite started-at="2022-10-07T08:38:50 IST" name="Default suite" finished-at="2022-10-07T08:39:27 IST" duration-ms="36793">
    <groups>
    </groups>
    <test started-at="2022-10-07T08:38:50 IST" name="Default test" finished-at="2022-10-07T08:39:27 IST" duration-ms="36793">
      <class name="com.pageTests.LivingRoomTests">
        <test-method is-config="true" signature="setUp(java.lang.String)[pri:0, instance:com.pageTests.LivingRoomTests@3fc9504b]" started-at="2022-10-07T08:38:50 IST" name="setUp" finished-at="2022-10-07T08:38:56 IST" duration-ms="6373" status="PASS">
          <params>
            <param index="0">
              <value is-null="true"/>
            </param>
          </params>
          <reporter-output>
          </reporter-output>
        </test-method> <!-- setUp -->
        <test-method signature="verifyIfLivingRoomDropBoxOpensAndComparesSelectedItems()[pri:0, instance:com.pageTests.LivingRoomTests@3fc9504b]" started-at="2022-10-07T08:38:56 IST" name="verifyIfLivingRoomDropBoxOpensAndComparesSelectedItems" finished-at="2022-10-07T08:39:26 IST" duration-ms="30238" status="PASS">
          <reporter-output>
          </reporter-output>
        </test-method> <!-- verifyIfLivingRoomDropBoxOpensAndComparesSelectedItems -->
        <test-method is-config="true" signature="tearDown()[pri:0, instance:com.pageTests.LivingRoomTests@3fc9504b]" started-at="2022-10-07T08:39:27 IST" name="tearDown" finished-at="2022-10-07T08:39:27 IST" duration-ms="85" status="PASS">
          <reporter-output>
          </reporter-output>
        </test-method> <!-- tearDown -->
      </class> <!-- com.pageTests.LivingRoomTests -->
    </test> <!-- Default test -->
  </suite> <!-- Default suite -->
</testng-results>
