<?xml version="1.0" encoding="UTF-8"?>
<!-- Generated by org.testng.reporters.JUnitXMLReporter -->
<testsuite ignored="12" hostname="DESKTOP-F280F2S" failures="16" tests="18" name="EdgeTests" time="162.777" errors="0" timestamp="2022-10-12T13:37:11 IST">
  <testcase classname="com.base.BaseForTestNg" name="@AfterTest tearDown" time="0.003">
    <failure type="org.openqa.selenium.NoSuchSessionException" message="invalid session id
Build info: version: &amp;apos;4.4.0&amp;apos;, revision: &amp;apos;e5c75ed026a&amp;apos;
System info: host: &amp;apos;DESKTOP-F280F2S&amp;apos;, ip: &amp;apos;192.168.1.25&amp;apos;, os.name: &amp;apos;Windows 11&amp;apos;, os.arch: &amp;apos;amd64&amp;apos;, os.version: &amp;apos;10.0&amp;apos;, java.version: &amp;apos;18.0.1&amp;apos;
Driver info: org.openqa.selenium.edge.EdgeDriver
Command: [234f0d3acf82f2dd9450574569447e1f, close {}]
Capabilities {acceptInsecureCerts: false, browserName: msedge, browserVersion: 106.0.1370.42, ms:edgeOptions: {debuggerAddress: localhost:59662}, msedge: {msedgedriverVersion: 106.0.1370.42 (01c826627559..., userDataDir: C:\Users\radhi\AppData\Loca...}, networkConnectionEnabled: false, pageLoadStrategy: normal, platformName: WINDOWS, proxy: Proxy(), se:cdp: ws://localhost:59662/devtoo..., se:cdpVersion: 106.0.1370.42, setWindowRect: true, strictFileInteractability: false, timeouts: {implicit: 0, pageLoad: 300000, script: 30000}, unhandledPromptBehavior: dismiss and notify, webauthn:extension:credBlob: true, webauthn:extension:largeBlob: true, webauthn:virtualAuthenticators: true}
Session ID: 234f0d3acf82f2dd9450574569447e1f">
      <![CDATA[org.openqa.selenium.NoSuchSessionException: invalid session id
Build info: version: '4.4.0', revision: 'e5c75ed026a'
System info: host: 'DESKTOP-F280F2S', ip: '192.168.1.25', os.name: 'Windows 11', os.arch: 'amd64', os.version: '10.0', java.version: '18.0.1'
Driver info: org.openqa.selenium.edge.EdgeDriver
Command: [234f0d3acf82f2dd9450574569447e1f, close {}]
Capabilities {acceptInsecureCerts: false, browserName: msedge, browserVersion: 106.0.1370.42, ms:edgeOptions: {debuggerAddress: localhost:59662}, msedge: {msedgedriverVersion: 106.0.1370.42 (01c826627559..., userDataDir: C:\Users\radhi\AppData\Loca...}, networkConnectionEnabled: false, pageLoadStrategy: normal, platformName: WINDOWS, proxy: Proxy(), se:cdp: ws://localhost:59662/devtoo..., se:cdpVersion: 106.0.1370.42, setWindowRect: true, strictFileInteractability: false, timeouts: {implicit: 0, pageLoad: 300000, script: 30000}, unhandledPromptBehavior: dismiss and notify, webauthn:extension:credBlob: true, webauthn:extension:largeBlob: true, webauthn:virtualAuthenticators: true}
Session ID: 234f0d3acf82f2dd9450574569447e1f
at org.openqa.selenium.remote.codec.w3c.W3CHttpResponseCodec.createException(W3CHttpResponseCodec.java:200)
at org.openqa.selenium.remote.codec.w3c.W3CHttpResponseCodec.decode(W3CHttpResponseCodec.java:133)
at org.openqa.selenium.remote.codec.w3c.W3CHttpResponseCodec.decode(W3CHttpResponseCodec.java:53)
at org.openqa.selenium.remote.HttpCommandExecutor.execute(HttpCommandExecutor.java:184)
at org.openqa.selenium.remote.service.DriverCommandExecutor.invokeExecute(DriverCommandExecutor.java:167)
at org.openqa.selenium.remote.service.DriverCommandExecutor.execute(DriverCommandExecutor.java:142)
at org.openqa.selenium.remote.RemoteWebDriver.execute(RemoteWebDriver.java:547)
at org.openqa.selenium.remote.RemoteWebDriver.execute(RemoteWebDriver.java:602)
at org.openqa.selenium.remote.RemoteWebDriver.execute(RemoteWebDriver.java:606)
at org.openqa.selenium.remote.RemoteWebDriver.close(RemoteWebDriver.java:432)
at com.keywords.Keyword.closeBrowser(Keyword.java:43)
at com.base.BaseForTestNg.tearDown(BaseForTestNg.java:33)
at java.base/java.util.concurrent.FutureTask.run(FutureTask.java:264)
at java.base/java.util.concurrent.ThreadPoolExecutor.runWorker(ThreadPoolExecutor.java:1136)
at java.base/java.util.concurrent.ThreadPoolExecutor$Worker.run(ThreadPoolExecutor.java:635)
at java.base/java.lang.Thread.run(Thread.java:833)
... Removed 16 stack frames]]>
    </failure>
  </testcase> <!-- @AfterTest tearDown -->
  <testcase classname="com.base.BaseForTestNg" name="@AfterTest tearDown" time="0.004">
    <failure type="org.openqa.selenium.NoSuchSessionException" message="invalid session id
Build info: version: &amp;apos;4.4.0&amp;apos;, revision: &amp;apos;e5c75ed026a&amp;apos;
System info: host: &amp;apos;DESKTOP-F280F2S&amp;apos;, ip: &amp;apos;192.168.1.25&amp;apos;, os.name: &amp;apos;Windows 11&amp;apos;, os.arch: &amp;apos;amd64&amp;apos;, os.version: &amp;apos;10.0&amp;apos;, java.version: &amp;apos;18.0.1&amp;apos;
Driver info: org.openqa.selenium.edge.EdgeDriver
Command: [234f0d3acf82f2dd9450574569447e1f, close {}]
Capabilities {acceptInsecureCerts: false, browserName: msedge, browserVersion: 106.0.1370.42, ms:edgeOptions: {debuggerAddress: localhost:59662}, msedge: {msedgedriverVersion: 106.0.1370.42 (01c826627559..., userDataDir: C:\Users\radhi\AppData\Loca...}, networkConnectionEnabled: false, pageLoadStrategy: normal, platformName: WINDOWS, proxy: Proxy(), se:cdp: ws://localhost:59662/devtoo..., se:cdpVersion: 106.0.1370.42, setWindowRect: true, strictFileInteractability: false, timeouts: {implicit: 0, pageLoad: 300000, script: 30000}, unhandledPromptBehavior: dismiss and notify, webauthn:extension:credBlob: true, webauthn:extension:largeBlob: true, webauthn:virtualAuthenticators: true}
Session ID: 234f0d3acf82f2dd9450574569447e1f">
      <![CDATA[org.openqa.selenium.NoSuchSessionException: invalid session id
Build info: version: '4.4.0', revision: 'e5c75ed026a'
System info: host: 'DESKTOP-F280F2S', ip: '192.168.1.25', os.name: 'Windows 11', os.arch: 'amd64', os.version: '10.0', java.version: '18.0.1'
Driver info: org.openqa.selenium.edge.EdgeDriver
Command: [234f0d3acf82f2dd9450574569447e1f, close {}]
Capabilities {acceptInsecureCerts: false, browserName: msedge, browserVersion: 106.0.1370.42, ms:edgeOptions: {debuggerAddress: localhost:59662}, msedge: {msedgedriverVersion: 106.0.1370.42 (01c826627559..., userDataDir: C:\Users\radhi\AppData\Loca...}, networkConnectionEnabled: false, pageLoadStrategy: normal, platformName: WINDOWS, proxy: Proxy(), se:cdp: ws://localhost:59662/devtoo..., se:cdpVersion: 106.0.1370.42, setWindowRect: true, strictFileInteractability: false, timeouts: {implicit: 0, pageLoad: 300000, script: 30000}, unhandledPromptBehavior: dismiss and notify, webauthn:extension:credBlob: true, webauthn:extension:largeBlob: true, webauthn:virtualAuthenticators: true}
Session ID: 234f0d3acf82f2dd9450574569447e1f
at org.openqa.selenium.remote.codec.w3c.W3CHttpResponseCodec.createException(W3CHttpResponseCodec.java:200)
at org.openqa.selenium.remote.codec.w3c.W3CHttpResponseCodec.decode(W3CHttpResponseCodec.java:133)
at org.openqa.selenium.remote.codec.w3c.W3CHttpResponseCodec.decode(W3CHttpResponseCodec.java:53)
at org.openqa.selenium.remote.HttpCommandExecutor.execute(HttpCommandExecutor.java:184)
at org.openqa.selenium.remote.service.DriverCommandExecutor.invokeExecute(DriverCommandExecutor.java:167)
at org.openqa.selenium.remote.service.DriverCommandExecutor.execute(DriverCommandExecutor.java:142)
at org.openqa.selenium.remote.RemoteWebDriver.execute(RemoteWebDriver.java:547)
at org.openqa.selenium.remote.RemoteWebDriver.execute(RemoteWebDriver.java:602)
at org.openqa.selenium.remote.RemoteWebDriver.execute(RemoteWebDriver.java:606)
at org.openqa.selenium.remote.RemoteWebDriver.close(RemoteWebDriver.java:432)
at com.keywords.Keyword.closeBrowser(Keyword.java:43)
at com.base.BaseForTestNg.tearDown(BaseForTestNg.java:33)
at java.base/java.util.concurrent.FutureTask.run(FutureTask.java:264)
at java.base/java.util.concurrent.ThreadPoolExecutor.runWorker(ThreadPoolExecutor.java:1136)
at java.base/java.util.concurrent.ThreadPoolExecutor$Worker.run(ThreadPoolExecutor.java:635)
at java.base/java.lang.Thread.run(Thread.java:833)
... Removed 16 stack frames]]>
    </failure>
  </testcase> <!-- @AfterTest tearDown -->
  <testcase classname="com.pageTests.WishlistTests" name="verifyIfTheCartPageIsLoading" time="8.411">
    <failure type="org.openqa.selenium.ElementNotInteractableException" message="element not interactable
  (Session info: MicrosoftEdge=106.0.1370.42)
Build info: version: &amp;apos;4.4.0&amp;apos;, revision: &amp;apos;e5c75ed026a&amp;apos;
System info: host: &amp;apos;DESKTOP-F280F2S&amp;apos;, ip: &amp;apos;192.168.1.25&amp;apos;, os.name: &amp;apos;Windows 11&amp;apos;, os.arch: &amp;apos;amd64&amp;apos;, os.version: &amp;apos;10.0&amp;apos;, java.version: &amp;apos;18.0.1&amp;apos;
Driver info: org.openqa.selenium.edge.EdgeDriver
Command: [234f0d3acf82f2dd9450574569447e1f, clickElement {id=9cf3db1c-94d2-4352-82db-e5b662d03927}]
Capabilities {acceptInsecureCerts: false, browserName: msedge, browserVersion: 106.0.1370.42, ms:edgeOptions: {debuggerAddress: localhost:59662}, msedge: {msedgedriverVersion: 106.0.1370.42 (01c826627559..., userDataDir: C:\Users\radhi\AppData\Loca...}, networkConnectionEnabled: false, pageLoadStrategy: normal, platformName: WINDOWS, proxy: Proxy(), se:cdp: ws://localhost:59662/devtoo..., se:cdpVersion: 106.0.1370.42, setWindowRect: true, strictFileInteractability: false, timeouts: {implicit: 0, pageLoad: 300000, script: 30000}, unhandledPromptBehavior: dismiss and notify, webauthn:extension:credBlob: true, webauthn:extension:largeBlob: true, webauthn:virtualAuthenticators: true}
Element: [[EdgeDriver: msedge on WINDOWS (234f0d3acf82f2dd9450574569447e1f)] -&amp;gt; xpath: //a[@class=&amp;quot;login-link link-color&amp;quot;]]
Session ID: 234f0d3acf82f2dd9450574569447e1f">
      <![CDATA[org.openqa.selenium.ElementNotInteractableException: element not interactable
  (Session info: MicrosoftEdge=106.0.1370.42)
Build info: version: '4.4.0', revision: 'e5c75ed026a'
System info: host: 'DESKTOP-F280F2S', ip: '192.168.1.25', os.name: 'Windows 11', os.arch: 'amd64', os.version: '10.0', java.version: '18.0.1'
Driver info: org.openqa.selenium.edge.EdgeDriver
Command: [234f0d3acf82f2dd9450574569447e1f, clickElement {id=9cf3db1c-94d2-4352-82db-e5b662d03927}]
Capabilities {acceptInsecureCerts: false, browserName: msedge, browserVersion: 106.0.1370.42, ms:edgeOptions: {debuggerAddress: localhost:59662}, msedge: {msedgedriverVersion: 106.0.1370.42 (01c826627559..., userDataDir: C:\Users\radhi\AppData\Loca...}, networkConnectionEnabled: false, pageLoadStrategy: normal, platformName: WINDOWS, proxy: Proxy(), se:cdp: ws://localhost:59662/devtoo..., se:cdpVersion: 106.0.1370.42, setWindowRect: true, strictFileInteractability: false, timeouts: {implicit: 0, pageLoad: 300000, script: 30000}, unhandledPromptBehavior: dismiss and notify, webauthn:extension:credBlob: true, webauthn:extension:largeBlob: true, webauthn:virtualAuthenticators: true}
Element: [[EdgeDriver: msedge on WINDOWS (234f0d3acf82f2dd9450574569447e1f)] -> xpath: //a[@class="login-link link-color"]]
Session ID: 234f0d3acf82f2dd9450574569447e1f
at org.openqa.selenium.remote.codec.w3c.W3CHttpResponseCodec.createException(W3CHttpResponseCodec.java:200)
at org.openqa.selenium.remote.codec.w3c.W3CHttpResponseCodec.decode(W3CHttpResponseCodec.java:133)
at org.openqa.selenium.remote.codec.w3c.W3CHttpResponseCodec.decode(W3CHttpResponseCodec.java:53)
at org.openqa.selenium.remote.HttpCommandExecutor.execute(HttpCommandExecutor.java:184)
at org.openqa.selenium.remote.service.DriverCommandExecutor.invokeExecute(DriverCommandExecutor.java:167)
at org.openqa.selenium.remote.service.DriverCommandExecutor.execute(DriverCommandExecutor.java:142)
at org.openqa.selenium.remote.RemoteWebDriver.execute(RemoteWebDriver.java:547)
at org.openqa.selenium.remote.RemoteWebElement.execute(RemoteWebElement.java:257)
at org.openqa.selenium.remote.RemoteWebElement.click(RemoteWebElement.java:78)
at org.openqa.selenium.support.pagefactory.internal.LocatingElementHandler.invoke(LocatingElementHandler.java:52)
at jdk.proxy2/jdk.proxy2.$Proxy23.click(Unknown Source)
at com.pages.WishlistPage.clickOnBottonLogin(WishlistPage.java:50)
at com.pageTests.WishlistTests.verifyIfTheCartPageIsLoading(WishlistTests.java:23)
at java.base/java.util.ArrayList.forEach(ArrayList.java:1511)
at java.base/java.util.concurrent.FutureTask.run(FutureTask.java:264)
at java.base/java.util.concurrent.ThreadPoolExecutor.runWorker(ThreadPoolExecutor.java:1136)
at java.base/java.util.concurrent.ThreadPoolExecutor$Worker.run(ThreadPoolExecutor.java:635)
at java.base/java.lang.Thread.run(Thread.java:833)
... Removed 21 stack frames]]>
    </failure>
  </testcase> <!-- verifyIfTheCartPageIsLoading -->
  <testcase classname="com.pageTests.LoginTests" name="getTextOfLoginPage" time="12.006"/>
  <testcase classname="com.pageTests.LoginTests" name="getTextOfSignUpPage" time="5.101">
    <failure type="org.openqa.selenium.ElementNotInteractableException" message="element not interactable
  (Session info: MicrosoftEdge=106.0.1370.42)
Build info: version: &amp;apos;4.4.0&amp;apos;, revision: &amp;apos;e5c75ed026a&amp;apos;
System info: host: &amp;apos;DESKTOP-F280F2S&amp;apos;, ip: &amp;apos;192.168.1.25&amp;apos;, os.name: &amp;apos;Windows 11&amp;apos;, os.arch: &amp;apos;amd64&amp;apos;, os.version: &amp;apos;10.0&amp;apos;, java.version: &amp;apos;18.0.1&amp;apos;
Driver info: org.openqa.selenium.edge.EdgeDriver
Command: [234f0d3acf82f2dd9450574569447e1f, clickElement {id=997370c9-3405-45d4-b305-84adb1162009}]
Capabilities {acceptInsecureCerts: false, browserName: msedge, browserVersion: 106.0.1370.42, ms:edgeOptions: {debuggerAddress: localhost:59662}, msedge: {msedgedriverVersion: 106.0.1370.42 (01c826627559..., userDataDir: C:\Users\radhi\AppData\Loca...}, networkConnectionEnabled: false, pageLoadStrategy: normal, platformName: WINDOWS, proxy: Proxy(), se:cdp: ws://localhost:59662/devtoo..., se:cdpVersion: 106.0.1370.42, setWindowRect: true, strictFileInteractability: false, timeouts: {implicit: 0, pageLoad: 300000, script: 30000}, unhandledPromptBehavior: dismiss and notify, webauthn:extension:credBlob: true, webauthn:extension:largeBlob: true, webauthn:virtualAuthenticators: true}
Element: [[EdgeDriver: msedge on WINDOWS (234f0d3acf82f2dd9450574569447e1f)] -&amp;gt; xpath: //a[contains(text(),&amp;apos;Sign Up&amp;apos;)]]
Session ID: 234f0d3acf82f2dd9450574569447e1f">
      <![CDATA[org.openqa.selenium.ElementNotInteractableException: element not interactable
  (Session info: MicrosoftEdge=106.0.1370.42)
Build info: version: '4.4.0', revision: 'e5c75ed026a'
System info: host: 'DESKTOP-F280F2S', ip: '192.168.1.25', os.name: 'Windows 11', os.arch: 'amd64', os.version: '10.0', java.version: '18.0.1'
Driver info: org.openqa.selenium.edge.EdgeDriver
Command: [234f0d3acf82f2dd9450574569447e1f, clickElement {id=997370c9-3405-45d4-b305-84adb1162009}]
Capabilities {acceptInsecureCerts: false, browserName: msedge, browserVersion: 106.0.1370.42, ms:edgeOptions: {debuggerAddress: localhost:59662}, msedge: {msedgedriverVersion: 106.0.1370.42 (01c826627559..., userDataDir: C:\Users\radhi\AppData\Loca...}, networkConnectionEnabled: false, pageLoadStrategy: normal, platformName: WINDOWS, proxy: Proxy(), se:cdp: ws://localhost:59662/devtoo..., se:cdpVersion: 106.0.1370.42, setWindowRect: true, strictFileInteractability: false, timeouts: {implicit: 0, pageLoad: 300000, script: 30000}, unhandledPromptBehavior: dismiss and notify, webauthn:extension:credBlob: true, webauthn:extension:largeBlob: true, webauthn:virtualAuthenticators: true}
Element: [[EdgeDriver: msedge on WINDOWS (234f0d3acf82f2dd9450574569447e1f)] -> xpath: //a[contains(text(),'Sign Up')]]
Session ID: 234f0d3acf82f2dd9450574569447e1f
at org.openqa.selenium.remote.codec.w3c.W3CHttpResponseCodec.createException(W3CHttpResponseCodec.java:200)
at org.openqa.selenium.remote.codec.w3c.W3CHttpResponseCodec.decode(W3CHttpResponseCodec.java:133)
at org.openqa.selenium.remote.codec.w3c.W3CHttpResponseCodec.decode(W3CHttpResponseCodec.java:53)
at org.openqa.selenium.remote.HttpCommandExecutor.execute(HttpCommandExecutor.java:184)
at org.openqa.selenium.remote.service.DriverCommandExecutor.invokeExecute(DriverCommandExecutor.java:167)
at org.openqa.selenium.remote.service.DriverCommandExecutor.execute(DriverCommandExecutor.java:142)
at org.openqa.selenium.remote.RemoteWebDriver.execute(RemoteWebDriver.java:547)
at org.openqa.selenium.remote.RemoteWebElement.execute(RemoteWebElement.java:257)
at org.openqa.selenium.remote.RemoteWebElement.click(RemoteWebElement.java:78)
at org.openqa.selenium.support.pagefactory.internal.LocatingElementHandler.invoke(LocatingElementHandler.java:52)
at jdk.proxy2/jdk.proxy2.$Proxy23.click(Unknown Source)
at com.pages.LoginPage.loadSignUpPage(LoginPage.java:80)
at com.pages.LoginPage.printSignupText(LoginPage.java:85)
at com.pageTests.LoginTests.getTextOfSignUpPage(LoginTests.java:53)
at java.base/java.util.ArrayList.forEach(ArrayList.java:1511)
at java.base/java.util.concurrent.FutureTask.run(FutureTask.java:264)
at java.base/java.util.concurrent.ThreadPoolExecutor.runWorker(ThreadPoolExecutor.java:1136)
at java.base/java.util.concurrent.ThreadPoolExecutor$Worker.run(ThreadPoolExecutor.java:635)
at java.base/java.lang.Thread.run(Thread.java:833)
... Removed 21 stack frames]]>
    </failure>
  </testcase> <!-- getTextOfSignUpPage -->
  <testcase classname="com.pageTests.LoginTests" name="verifyIfCloseButtonIsWorking" time="9.034">
    <failure type="org.openqa.selenium.ElementNotInteractableException" message="element not interactable
  (Session info: MicrosoftEdge=106.0.1370.42)
Build info: version: &amp;apos;4.4.0&amp;apos;, revision: &amp;apos;e5c75ed026a&amp;apos;
System info: host: &amp;apos;DESKTOP-F280F2S&amp;apos;, ip: &amp;apos;192.168.1.25&amp;apos;, os.name: &amp;apos;Windows 11&amp;apos;, os.arch: &amp;apos;amd64&amp;apos;, os.version: &amp;apos;10.0&amp;apos;, java.version: &amp;apos;18.0.1&amp;apos;
Driver info: org.openqa.selenium.edge.EdgeDriver
Command: [234f0d3acf82f2dd9450574569447e1f, clickElement {id=4dcdc82f-a0f6-4af9-b59d-ef22e5d7f89b}]
Capabilities {acceptInsecureCerts: false, browserName: msedge, browserVersion: 106.0.1370.42, ms:edgeOptions: {debuggerAddress: localhost:59662}, msedge: {msedgedriverVersion: 106.0.1370.42 (01c826627559..., userDataDir: C:\Users\radhi\AppData\Loca...}, networkConnectionEnabled: false, pageLoadStrategy: normal, platformName: WINDOWS, proxy: Proxy(), se:cdp: ws://localhost:59662/devtoo..., se:cdpVersion: 106.0.1370.42, setWindowRect: true, strictFileInteractability: false, timeouts: {implicit: 0, pageLoad: 300000, script: 30000}, unhandledPromptBehavior: dismiss and notify, webauthn:extension:credBlob: true, webauthn:extension:largeBlob: true, webauthn:virtualAuthenticators: true}
Element: [[EdgeDriver: msedge on WINDOWS (234f0d3acf82f2dd9450574569447e1f)] -&amp;gt; xpath: //a[@class=&amp;quot;close-reveal-modal hide-mobile&amp;quot;]]
Session ID: 234f0d3acf82f2dd9450574569447e1f">
      <![CDATA[org.openqa.selenium.ElementNotInteractableException: element not interactable
  (Session info: MicrosoftEdge=106.0.1370.42)
Build info: version: '4.4.0', revision: 'e5c75ed026a'
System info: host: 'DESKTOP-F280F2S', ip: '192.168.1.25', os.name: 'Windows 11', os.arch: 'amd64', os.version: '10.0', java.version: '18.0.1'
Driver info: org.openqa.selenium.edge.EdgeDriver
Command: [234f0d3acf82f2dd9450574569447e1f, clickElement {id=4dcdc82f-a0f6-4af9-b59d-ef22e5d7f89b}]
Capabilities {acceptInsecureCerts: false, browserName: msedge, browserVersion: 106.0.1370.42, ms:edgeOptions: {debuggerAddress: localhost:59662}, msedge: {msedgedriverVersion: 106.0.1370.42 (01c826627559..., userDataDir: C:\Users\radhi\AppData\Loca...}, networkConnectionEnabled: false, pageLoadStrategy: normal, platformName: WINDOWS, proxy: Proxy(), se:cdp: ws://localhost:59662/devtoo..., se:cdpVersion: 106.0.1370.42, setWindowRect: true, strictFileInteractability: false, timeouts: {implicit: 0, pageLoad: 300000, script: 30000}, unhandledPromptBehavior: dismiss and notify, webauthn:extension:credBlob: true, webauthn:extension:largeBlob: true, webauthn:virtualAuthenticators: true}
Element: [[EdgeDriver: msedge on WINDOWS (234f0d3acf82f2dd9450574569447e1f)] -> xpath: //a[@class="close-reveal-modal hide-mobile"]]
Session ID: 234f0d3acf82f2dd9450574569447e1f
at org.openqa.selenium.remote.codec.w3c.W3CHttpResponseCodec.createException(W3CHttpResponseCodec.java:200)
at org.openqa.selenium.remote.codec.w3c.W3CHttpResponseCodec.decode(W3CHttpResponseCodec.java:133)
at org.openqa.selenium.remote.codec.w3c.W3CHttpResponseCodec.decode(W3CHttpResponseCodec.java:53)
at org.openqa.selenium.remote.HttpCommandExecutor.execute(HttpCommandExecutor.java:184)
at org.openqa.selenium.remote.service.DriverCommandExecutor.invokeExecute(DriverCommandExecutor.java:167)
at org.openqa.selenium.remote.service.DriverCommandExecutor.execute(DriverCommandExecutor.java:142)
at org.openqa.selenium.remote.RemoteWebDriver.execute(RemoteWebDriver.java:547)
at org.openqa.selenium.remote.RemoteWebElement.execute(RemoteWebElement.java:257)
at org.openqa.selenium.remote.RemoteWebElement.click(RemoteWebElement.java:78)
at org.openqa.selenium.support.pagefactory.internal.LocatingElementHandler.invoke(LocatingElementHandler.java:52)
at jdk.proxy2/jdk.proxy2.$Proxy23.click(Unknown Source)
at com.pages.LoginPage.clickOnCloseButton(LoginPage.java:65)
at com.pageTests.LoginTests.verifyIfCloseButtonIsWorking(LoginTests.java:47)
at java.base/java.util.ArrayList.forEach(ArrayList.java:1511)
at java.base/java.util.concurrent.FutureTask.run(FutureTask.java:264)
at java.base/java.util.concurrent.ThreadPoolExecutor.runWorker(ThreadPoolExecutor.java:1136)
at java.base/java.util.concurrent.ThreadPoolExecutor$Worker.run(ThreadPoolExecutor.java:635)
at java.base/java.lang.Thread.run(Thread.java:833)
... Removed 21 stack frames]]>
    </failure>
  </testcase> <!-- verifyIfCloseButtonIsWorking -->
  <testcase classname="com.pageTests.LoginTests" name="verifyIfFacebookAndGooglePageIsRedirecting" time="9.081">
    <failure type="org.openqa.selenium.ElementNotInteractableException" message="element not interactable
  (Session info: MicrosoftEdge=106.0.1370.42)
Build info: version: &amp;apos;4.4.0&amp;apos;, revision: &amp;apos;e5c75ed026a&amp;apos;
System info: host: &amp;apos;DESKTOP-F280F2S&amp;apos;, ip: &amp;apos;192.168.1.25&amp;apos;, os.name: &amp;apos;Windows 11&amp;apos;, os.arch: &amp;apos;amd64&amp;apos;, os.version: &amp;apos;10.0&amp;apos;, java.version: &amp;apos;18.0.1&amp;apos;
Driver info: org.openqa.selenium.edge.EdgeDriver
Command: [234f0d3acf82f2dd9450574569447e1f, clickElement {id=f7f10b74-6f1b-459a-b971-29ad3d44cee7}]
Capabilities {acceptInsecureCerts: false, browserName: msedge, browserVersion: 106.0.1370.42, ms:edgeOptions: {debuggerAddress: localhost:59662}, msedge: {msedgedriverVersion: 106.0.1370.42 (01c826627559..., userDataDir: C:\Users\radhi\AppData\Loca...}, networkConnectionEnabled: false, pageLoadStrategy: normal, platformName: WINDOWS, proxy: Proxy(), se:cdp: ws://localhost:59662/devtoo..., se:cdpVersion: 106.0.1370.42, setWindowRect: true, strictFileInteractability: false, timeouts: {implicit: 0, pageLoad: 300000, script: 30000}, unhandledPromptBehavior: dismiss and notify, webauthn:extension:credBlob: true, webauthn:extension:largeBlob: true, webauthn:virtualAuthenticators: true}
Element: [[EdgeDriver: msedge on WINDOWS (234f0d3acf82f2dd9450574569447e1f)] -&amp;gt; xpath: //a[@id=&amp;quot;google_login&amp;quot;]]
Session ID: 234f0d3acf82f2dd9450574569447e1f">
      <![CDATA[org.openqa.selenium.ElementNotInteractableException: element not interactable
  (Session info: MicrosoftEdge=106.0.1370.42)
Build info: version: '4.4.0', revision: 'e5c75ed026a'
System info: host: 'DESKTOP-F280F2S', ip: '192.168.1.25', os.name: 'Windows 11', os.arch: 'amd64', os.version: '10.0', java.version: '18.0.1'
Driver info: org.openqa.selenium.edge.EdgeDriver
Command: [234f0d3acf82f2dd9450574569447e1f, clickElement {id=f7f10b74-6f1b-459a-b971-29ad3d44cee7}]
Capabilities {acceptInsecureCerts: false, browserName: msedge, browserVersion: 106.0.1370.42, ms:edgeOptions: {debuggerAddress: localhost:59662}, msedge: {msedgedriverVersion: 106.0.1370.42 (01c826627559..., userDataDir: C:\Users\radhi\AppData\Loca...}, networkConnectionEnabled: false, pageLoadStrategy: normal, platformName: WINDOWS, proxy: Proxy(), se:cdp: ws://localhost:59662/devtoo..., se:cdpVersion: 106.0.1370.42, setWindowRect: true, strictFileInteractability: false, timeouts: {implicit: 0, pageLoad: 300000, script: 30000}, unhandledPromptBehavior: dismiss and notify, webauthn:extension:credBlob: true, webauthn:extension:largeBlob: true, webauthn:virtualAuthenticators: true}
Element: [[EdgeDriver: msedge on WINDOWS (234f0d3acf82f2dd9450574569447e1f)] -> xpath: //a[@id="google_login"]]
Session ID: 234f0d3acf82f2dd9450574569447e1f
at org.openqa.selenium.remote.codec.w3c.W3CHttpResponseCodec.createException(W3CHttpResponseCodec.java:200)
at org.openqa.selenium.remote.codec.w3c.W3CHttpResponseCodec.decode(W3CHttpResponseCodec.java:133)
at org.openqa.selenium.remote.codec.w3c.W3CHttpResponseCodec.decode(W3CHttpResponseCodec.java:53)
at org.openqa.selenium.remote.HttpCommandExecutor.execute(HttpCommandExecutor.java:184)
at org.openqa.selenium.remote.service.DriverCommandExecutor.invokeExecute(DriverCommandExecutor.java:167)
at org.openqa.selenium.remote.service.DriverCommandExecutor.execute(DriverCommandExecutor.java:142)
at org.openqa.selenium.remote.RemoteWebDriver.execute(RemoteWebDriver.java:547)
at org.openqa.selenium.remote.RemoteWebElement.execute(RemoteWebElement.java:257)
at org.openqa.selenium.remote.RemoteWebElement.click(RemoteWebElement.java:78)
at org.openqa.selenium.support.pagefactory.internal.LocatingElementHandler.invoke(LocatingElementHandler.java:52)
at jdk.proxy2/jdk.proxy2.$Proxy23.click(Unknown Source)
at com.pageTests.LoginTests.verifyIfFacebookAndGooglePageIsRedirecting(LoginTests.java:38)
at java.base/java.util.ArrayList.forEach(ArrayList.java:1511)
at java.base/java.util.concurrent.FutureTask.run(FutureTask.java:264)
at java.base/java.util.concurrent.ThreadPoolExecutor.runWorker(ThreadPoolExecutor.java:1136)
at java.base/java.util.concurrent.ThreadPoolExecutor$Worker.run(ThreadPoolExecutor.java:635)
at java.base/java.lang.Thread.run(Thread.java:833)
... Removed 21 stack frames]]>
    </failure>
  </testcase> <!-- verifyIfFacebookAndGooglePageIsRedirecting -->
  <testcase classname="com.pageTests.LoginTests" name="verifyIfLoginIsTakingPlaceSuccessfully" time="7.72">
    <failure type="org.openqa.selenium.ElementNotInteractableException" message="element not interactable
  (Session info: MicrosoftEdge=106.0.1370.42)
Build info: version: &amp;apos;4.4.0&amp;apos;, revision: &amp;apos;e5c75ed026a&amp;apos;
System info: host: &amp;apos;DESKTOP-F280F2S&amp;apos;, ip: &amp;apos;192.168.1.25&amp;apos;, os.name: &amp;apos;Windows 11&amp;apos;, os.arch: &amp;apos;amd64&amp;apos;, os.version: &amp;apos;10.0&amp;apos;, java.version: &amp;apos;18.0.1&amp;apos;
Driver info: org.openqa.selenium.edge.EdgeDriver
Command: [234f0d3acf82f2dd9450574569447e1f, clickElement {id=86318e6e-4cf5-426a-a96d-58c3177a037d}]
Capabilities {acceptInsecureCerts: false, browserName: msedge, browserVersion: 106.0.1370.42, ms:edgeOptions: {debuggerAddress: localhost:59662}, msedge: {msedgedriverVersion: 106.0.1370.42 (01c826627559..., userDataDir: C:\Users\radhi\AppData\Loca...}, networkConnectionEnabled: false, pageLoadStrategy: normal, platformName: WINDOWS, proxy: Proxy(), se:cdp: ws://localhost:59662/devtoo..., se:cdpVersion: 106.0.1370.42, setWindowRect: true, strictFileInteractability: false, timeouts: {implicit: 0, pageLoad: 300000, script: 30000}, unhandledPromptBehavior: dismiss and notify, webauthn:extension:credBlob: true, webauthn:extension:largeBlob: true, webauthn:virtualAuthenticators: true}
Element: [[EdgeDriver: msedge on WINDOWS (234f0d3acf82f2dd9450574569447e1f)] -&amp;gt; xpath: //a[contains(text(),&amp;apos;Log In&amp;apos;)]]
Session ID: 234f0d3acf82f2dd9450574569447e1f">
      <![CDATA[org.openqa.selenium.ElementNotInteractableException: element not interactable
  (Session info: MicrosoftEdge=106.0.1370.42)
Build info: version: '4.4.0', revision: 'e5c75ed026a'
System info: host: 'DESKTOP-F280F2S', ip: '192.168.1.25', os.name: 'Windows 11', os.arch: 'amd64', os.version: '10.0', java.version: '18.0.1'
Driver info: org.openqa.selenium.edge.EdgeDriver
Command: [234f0d3acf82f2dd9450574569447e1f, clickElement {id=86318e6e-4cf5-426a-a96d-58c3177a037d}]
Capabilities {acceptInsecureCerts: false, browserName: msedge, browserVersion: 106.0.1370.42, ms:edgeOptions: {debuggerAddress: localhost:59662}, msedge: {msedgedriverVersion: 106.0.1370.42 (01c826627559..., userDataDir: C:\Users\radhi\AppData\Loca...}, networkConnectionEnabled: false, pageLoadStrategy: normal, platformName: WINDOWS, proxy: Proxy(), se:cdp: ws://localhost:59662/devtoo..., se:cdpVersion: 106.0.1370.42, setWindowRect: true, strictFileInteractability: false, timeouts: {implicit: 0, pageLoad: 300000, script: 30000}, unhandledPromptBehavior: dismiss and notify, webauthn:extension:credBlob: true, webauthn:extension:largeBlob: true, webauthn:virtualAuthenticators: true}
Element: [[EdgeDriver: msedge on WINDOWS (234f0d3acf82f2dd9450574569447e1f)] -> xpath: //a[contains(text(),'Log In')]]
Session ID: 234f0d3acf82f2dd9450574569447e1f
at org.openqa.selenium.remote.codec.w3c.W3CHttpResponseCodec.createException(W3CHttpResponseCodec.java:200)
at org.openqa.selenium.remote.codec.w3c.W3CHttpResponseCodec.decode(W3CHttpResponseCodec.java:133)
at org.openqa.selenium.remote.codec.w3c.W3CHttpResponseCodec.decode(W3CHttpResponseCodec.java:53)
at org.openqa.selenium.remote.HttpCommandExecutor.execute(HttpCommandExecutor.java:184)
at org.openqa.selenium.remote.service.DriverCommandExecutor.invokeExecute(DriverCommandExecutor.java:167)
at org.openqa.selenium.remote.service.DriverCommandExecutor.execute(DriverCommandExecutor.java:142)
at org.openqa.selenium.remote.RemoteWebDriver.execute(RemoteWebDriver.java:547)
at org.openqa.selenium.remote.RemoteWebElement.execute(RemoteWebElement.java:257)
at org.openqa.selenium.remote.RemoteWebElement.click(RemoteWebElement.java:78)
at org.openqa.selenium.support.pagefactory.internal.LocatingElementHandler.invoke(LocatingElementHandler.java:52)
at jdk.proxy2/jdk.proxy2.$Proxy23.click(Unknown Source)
at com.pages.LoginPage.verifyIfLoginIsProcessingSuccessfully(LoginPage.java:52)
at com.pageTests.LoginTests.verifyIfLoginIsTakingPlaceSuccessfully(LoginTests.java:24)
at java.base/java.util.ArrayList.forEach(ArrayList.java:1511)
at java.base/java.util.concurrent.FutureTask.run(FutureTask.java:264)
at java.base/java.util.concurrent.ThreadPoolExecutor.runWorker(ThreadPoolExecutor.java:1136)
at java.base/java.util.concurrent.ThreadPoolExecutor$Worker.run(ThreadPoolExecutor.java:635)
at java.base/java.lang.Thread.run(Thread.java:833)
... Removed 21 stack frames]]>
    </failure>
  </testcase> <!-- verifyIfLoginIsTakingPlaceSuccessfully -->
  <testcase classname="com.pageTests.CartTests" name="verifyCartPageLogin" time="7.791">
    <failure type="org.openqa.selenium.ElementNotInteractableException" message="element not interactable
  (Session info: MicrosoftEdge=106.0.1370.42)
Build info: version: &amp;apos;4.4.0&amp;apos;, revision: &amp;apos;e5c75ed026a&amp;apos;
System info: host: &amp;apos;DESKTOP-F280F2S&amp;apos;, ip: &amp;apos;192.168.1.25&amp;apos;, os.name: &amp;apos;Windows 11&amp;apos;, os.arch: &amp;apos;amd64&amp;apos;, os.version: &amp;apos;10.0&amp;apos;, java.version: &amp;apos;18.0.1&amp;apos;
Driver info: org.openqa.selenium.edge.EdgeDriver
Command: [234f0d3acf82f2dd9450574569447e1f, clickElement {id=c28fea50-783f-41ad-9895-285b102315bf}]
Capabilities {acceptInsecureCerts: false, browserName: msedge, browserVersion: 106.0.1370.42, ms:edgeOptions: {debuggerAddress: localhost:59662}, msedge: {msedgedriverVersion: 106.0.1370.42 (01c826627559..., userDataDir: C:\Users\radhi\AppData\Loca...}, networkConnectionEnabled: false, pageLoadStrategy: normal, platformName: WINDOWS, proxy: Proxy(), se:cdp: ws://localhost:59662/devtoo..., se:cdpVersion: 106.0.1370.42, setWindowRect: true, strictFileInteractability: false, timeouts: {implicit: 0, pageLoad: 300000, script: 30000}, unhandledPromptBehavior: dismiss and notify, webauthn:extension:credBlob: true, webauthn:extension:largeBlob: true, webauthn:virtualAuthenticators: true}
Element: [[EdgeDriver: msedge on WINDOWS (234f0d3acf82f2dd9450574569447e1f)] -&amp;gt; xpath: //a[contains(text(),&amp;apos;Log In&amp;apos;)]]
Session ID: 234f0d3acf82f2dd9450574569447e1f">
      <![CDATA[org.openqa.selenium.ElementNotInteractableException: element not interactable
  (Session info: MicrosoftEdge=106.0.1370.42)
Build info: version: '4.4.0', revision: 'e5c75ed026a'
System info: host: 'DESKTOP-F280F2S', ip: '192.168.1.25', os.name: 'Windows 11', os.arch: 'amd64', os.version: '10.0', java.version: '18.0.1'
Driver info: org.openqa.selenium.edge.EdgeDriver
Command: [234f0d3acf82f2dd9450574569447e1f, clickElement {id=c28fea50-783f-41ad-9895-285b102315bf}]
Capabilities {acceptInsecureCerts: false, browserName: msedge, browserVersion: 106.0.1370.42, ms:edgeOptions: {debuggerAddress: localhost:59662}, msedge: {msedgedriverVersion: 106.0.1370.42 (01c826627559..., userDataDir: C:\Users\radhi\AppData\Loca...}, networkConnectionEnabled: false, pageLoadStrategy: normal, platformName: WINDOWS, proxy: Proxy(), se:cdp: ws://localhost:59662/devtoo..., se:cdpVersion: 106.0.1370.42, setWindowRect: true, strictFileInteractability: false, timeouts: {implicit: 0, pageLoad: 300000, script: 30000}, unhandledPromptBehavior: dismiss and notify, webauthn:extension:credBlob: true, webauthn:extension:largeBlob: true, webauthn:virtualAuthenticators: true}
Element: [[EdgeDriver: msedge on WINDOWS (234f0d3acf82f2dd9450574569447e1f)] -> xpath: //a[contains(text(),'Log In')]]
Session ID: 234f0d3acf82f2dd9450574569447e1f
at org.openqa.selenium.remote.codec.w3c.W3CHttpResponseCodec.createException(W3CHttpResponseCodec.java:200)
at org.openqa.selenium.remote.codec.w3c.W3CHttpResponseCodec.decode(W3CHttpResponseCodec.java:133)
at org.openqa.selenium.remote.codec.w3c.W3CHttpResponseCodec.decode(W3CHttpResponseCodec.java:53)
at org.openqa.selenium.remote.HttpCommandExecutor.execute(HttpCommandExecutor.java:184)
at org.openqa.selenium.remote.service.DriverCommandExecutor.invokeExecute(DriverCommandExecutor.java:167)
at org.openqa.selenium.remote.service.DriverCommandExecutor.execute(DriverCommandExecutor.java:142)
at org.openqa.selenium.remote.RemoteWebDriver.execute(RemoteWebDriver.java:547)
at org.openqa.selenium.remote.RemoteWebElement.execute(RemoteWebElement.java:257)
at org.openqa.selenium.remote.RemoteWebElement.click(RemoteWebElement.java:78)
at org.openqa.selenium.support.pagefactory.internal.LocatingElementHandler.invoke(LocatingElementHandler.java:52)
at jdk.proxy2/jdk.proxy2.$Proxy23.click(Unknown Source)
at com.pages.LoginPage.verifyIfLoginIsProcessingSuccessfully(LoginPage.java:52)
at com.pageTests.LoginTests.verifyIfLoginIsTakingPlaceSuccessfully(LoginTests.java:24)
at com.pageTests.CartTests.verifyCartPageLogin(CartTests.java:19)
at java.base/java.util.ArrayList.forEach(ArrayList.java:1511)
at java.base/java.util.concurrent.FutureTask.run(FutureTask.java:264)
at java.base/java.util.concurrent.ThreadPoolExecutor.runWorker(ThreadPoolExecutor.java:1136)
at java.base/java.util.concurrent.ThreadPoolExecutor$Worker.run(ThreadPoolExecutor.java:635)
at java.base/java.lang.Thread.run(Thread.java:833)
... Removed 21 stack frames]]>
    </failure>
  </testcase> <!-- verifyCartPageLogin -->
  <testcase classname="com.dataProviderTests.DataDrivenTests" name="loginTests" time="0.005"/>
  <testcase classname="com.pageTests.LivingRoomTests" name="loadCoffeeTablePage" time="10.593">
    <failure type="org.openqa.selenium.ElementNotInteractableException" message="element not interactable
  (Session info: MicrosoftEdge=106.0.1370.42)
Build info: version: &amp;apos;4.4.0&amp;apos;, revision: &amp;apos;e5c75ed026a&amp;apos;
System info: host: &amp;apos;DESKTOP-F280F2S&amp;apos;, ip: &amp;apos;192.168.1.25&amp;apos;, os.name: &amp;apos;Windows 11&amp;apos;, os.arch: &amp;apos;amd64&amp;apos;, os.version: &amp;apos;10.0&amp;apos;, java.version: &amp;apos;18.0.1&amp;apos;
Driver info: org.openqa.selenium.edge.EdgeDriver
Command: [234f0d3acf82f2dd9450574569447e1f, clickElement {id=32d682a2-11c2-40f0-a2b2-ccdb2eabb6e3}]
Capabilities {acceptInsecureCerts: false, browserName: msedge, browserVersion: 106.0.1370.42, ms:edgeOptions: {debuggerAddress: localhost:59662}, msedge: {msedgedriverVersion: 106.0.1370.42 (01c826627559..., userDataDir: C:\Users\radhi\AppData\Loca...}, networkConnectionEnabled: false, pageLoadStrategy: normal, platformName: WINDOWS, proxy: Proxy(), se:cdp: ws://localhost:59662/devtoo..., se:cdpVersion: 106.0.1370.42, setWindowRect: true, strictFileInteractability: false, timeouts: {implicit: 0, pageLoad: 300000, script: 30000}, unhandledPromptBehavior: dismiss and notify, webauthn:extension:credBlob: true, webauthn:extension:largeBlob: true, webauthn:virtualAuthenticators: true}
Element: [[EdgeDriver: msedge on WINDOWS (234f0d3acf82f2dd9450574569447e1f)] -&amp;gt; xpath: //a[contains(text(),&amp;apos;Log In&amp;apos;)]]
Session ID: 234f0d3acf82f2dd9450574569447e1f">
      <![CDATA[org.openqa.selenium.ElementNotInteractableException: element not interactable
  (Session info: MicrosoftEdge=106.0.1370.42)
Build info: version: '4.4.0', revision: 'e5c75ed026a'
System info: host: 'DESKTOP-F280F2S', ip: '192.168.1.25', os.name: 'Windows 11', os.arch: 'amd64', os.version: '10.0', java.version: '18.0.1'
Driver info: org.openqa.selenium.edge.EdgeDriver
Command: [234f0d3acf82f2dd9450574569447e1f, clickElement {id=32d682a2-11c2-40f0-a2b2-ccdb2eabb6e3}]
Capabilities {acceptInsecureCerts: false, browserName: msedge, browserVersion: 106.0.1370.42, ms:edgeOptions: {debuggerAddress: localhost:59662}, msedge: {msedgedriverVersion: 106.0.1370.42 (01c826627559..., userDataDir: C:\Users\radhi\AppData\Loca...}, networkConnectionEnabled: false, pageLoadStrategy: normal, platformName: WINDOWS, proxy: Proxy(), se:cdp: ws://localhost:59662/devtoo..., se:cdpVersion: 106.0.1370.42, setWindowRect: true, strictFileInteractability: false, timeouts: {implicit: 0, pageLoad: 300000, script: 30000}, unhandledPromptBehavior: dismiss and notify, webauthn:extension:credBlob: true, webauthn:extension:largeBlob: true, webauthn:virtualAuthenticators: true}
Element: [[EdgeDriver: msedge on WINDOWS (234f0d3acf82f2dd9450574569447e1f)] -> xpath: //a[contains(text(),'Log In')]]
Session ID: 234f0d3acf82f2dd9450574569447e1f
at org.openqa.selenium.remote.codec.w3c.W3CHttpResponseCodec.createException(W3CHttpResponseCodec.java:200)
at org.openqa.selenium.remote.codec.w3c.W3CHttpResponseCodec.decode(W3CHttpResponseCodec.java:133)
at org.openqa.selenium.remote.codec.w3c.W3CHttpResponseCodec.decode(W3CHttpResponseCodec.java:53)
at org.openqa.selenium.remote.HttpCommandExecutor.execute(HttpCommandExecutor.java:184)
at org.openqa.selenium.remote.service.DriverCommandExecutor.invokeExecute(DriverCommandExecutor.java:167)
at org.openqa.selenium.remote.service.DriverCommandExecutor.execute(DriverCommandExecutor.java:142)
at org.openqa.selenium.remote.RemoteWebDriver.execute(RemoteWebDriver.java:547)
at org.openqa.selenium.remote.RemoteWebElement.execute(RemoteWebElement.java:257)
at org.openqa.selenium.remote.RemoteWebElement.click(RemoteWebElement.java:78)
at org.openqa.selenium.support.pagefactory.internal.LocatingElementHandler.invoke(LocatingElementHandler.java:52)
at jdk.proxy2/jdk.proxy2.$Proxy23.click(Unknown Source)
at com.pages.LoginPage.verifyIfLoginIsProcessingSuccessfully(LoginPage.java:52)
at com.pageTests.LoginTests.verifyIfLoginIsTakingPlaceSuccessfully(LoginTests.java:24)
at com.pageTests.LivingRoomTests.loadCoffeeTablePage(LivingRoomTests.java:35)
at java.base/java.util.ArrayList.forEach(ArrayList.java:1511)
at java.base/java.util.concurrent.FutureTask.run(FutureTask.java:264)
at java.base/java.util.concurrent.ThreadPoolExecutor.runWorker(ThreadPoolExecutor.java:1136)
at java.base/java.util.concurrent.ThreadPoolExecutor$Worker.run(ThreadPoolExecutor.java:635)
at java.base/java.lang.Thread.run(Thread.java:833)
... Removed 21 stack frames]]>
    </failure>
  </testcase> <!-- loadCoffeeTablePage -->
  <testcase classname="com.pageTests.LivingRoomTests" name="sorByNewArrivals" time="11.07">
    <failure type="org.openqa.selenium.ElementNotInteractableException" message="element not interactable
  (Session info: MicrosoftEdge=106.0.1370.42)
Build info: version: &amp;apos;4.4.0&amp;apos;, revision: &amp;apos;e5c75ed026a&amp;apos;
System info: host: &amp;apos;DESKTOP-F280F2S&amp;apos;, ip: &amp;apos;192.168.1.25&amp;apos;, os.name: &amp;apos;Windows 11&amp;apos;, os.arch: &amp;apos;amd64&amp;apos;, os.version: &amp;apos;10.0&amp;apos;, java.version: &amp;apos;18.0.1&amp;apos;
Driver info: org.openqa.selenium.edge.EdgeDriver
Command: [234f0d3acf82f2dd9450574569447e1f, clickElement {id=c5589872-8a9a-4d4b-8935-886a563e8b9c}]
Capabilities {acceptInsecureCerts: false, browserName: msedge, browserVersion: 106.0.1370.42, ms:edgeOptions: {debuggerAddress: localhost:59662}, msedge: {msedgedriverVersion: 106.0.1370.42 (01c826627559..., userDataDir: C:\Users\radhi\AppData\Loca...}, networkConnectionEnabled: false, pageLoadStrategy: normal, platformName: WINDOWS, proxy: Proxy(), se:cdp: ws://localhost:59662/devtoo..., se:cdpVersion: 106.0.1370.42, setWindowRect: true, strictFileInteractability: false, timeouts: {implicit: 0, pageLoad: 300000, script: 30000}, unhandledPromptBehavior: dismiss and notify, webauthn:extension:credBlob: true, webauthn:extension:largeBlob: true, webauthn:virtualAuthenticators: true}
Element: [[EdgeDriver: msedge on WINDOWS (234f0d3acf82f2dd9450574569447e1f)] -&amp;gt; xpath: //a[contains(text(),&amp;apos;Log In&amp;apos;)]]
Session ID: 234f0d3acf82f2dd9450574569447e1f">
      <![CDATA[org.openqa.selenium.ElementNotInteractableException: element not interactable
  (Session info: MicrosoftEdge=106.0.1370.42)
Build info: version: '4.4.0', revision: 'e5c75ed026a'
System info: host: 'DESKTOP-F280F2S', ip: '192.168.1.25', os.name: 'Windows 11', os.arch: 'amd64', os.version: '10.0', java.version: '18.0.1'
Driver info: org.openqa.selenium.edge.EdgeDriver
Command: [234f0d3acf82f2dd9450574569447e1f, clickElement {id=c5589872-8a9a-4d4b-8935-886a563e8b9c}]
Capabilities {acceptInsecureCerts: false, browserName: msedge, browserVersion: 106.0.1370.42, ms:edgeOptions: {debuggerAddress: localhost:59662}, msedge: {msedgedriverVersion: 106.0.1370.42 (01c826627559..., userDataDir: C:\Users\radhi\AppData\Loca...}, networkConnectionEnabled: false, pageLoadStrategy: normal, platformName: WINDOWS, proxy: Proxy(), se:cdp: ws://localhost:59662/devtoo..., se:cdpVersion: 106.0.1370.42, setWindowRect: true, strictFileInteractability: false, timeouts: {implicit: 0, pageLoad: 300000, script: 30000}, unhandledPromptBehavior: dismiss and notify, webauthn:extension:credBlob: true, webauthn:extension:largeBlob: true, webauthn:virtualAuthenticators: true}
Element: [[EdgeDriver: msedge on WINDOWS (234f0d3acf82f2dd9450574569447e1f)] -> xpath: //a[contains(text(),'Log In')]]
Session ID: 234f0d3acf82f2dd9450574569447e1f
at org.openqa.selenium.remote.codec.w3c.W3CHttpResponseCodec.createException(W3CHttpResponseCodec.java:200)
at org.openqa.selenium.remote.codec.w3c.W3CHttpResponseCodec.decode(W3CHttpResponseCodec.java:133)
at org.openqa.selenium.remote.codec.w3c.W3CHttpResponseCodec.decode(W3CHttpResponseCodec.java:53)
at org.openqa.selenium.remote.HttpCommandExecutor.execute(HttpCommandExecutor.java:184)
at org.openqa.selenium.remote.service.DriverCommandExecutor.invokeExecute(DriverCommandExecutor.java:167)
at org.openqa.selenium.remote.service.DriverCommandExecutor.execute(DriverCommandExecutor.java:142)
at org.openqa.selenium.remote.RemoteWebDriver.execute(RemoteWebDriver.java:547)
at org.openqa.selenium.remote.RemoteWebElement.execute(RemoteWebElement.java:257)
at org.openqa.selenium.remote.RemoteWebElement.click(RemoteWebElement.java:78)
at org.openqa.selenium.support.pagefactory.internal.LocatingElementHandler.invoke(LocatingElementHandler.java:52)
at jdk.proxy2/jdk.proxy2.$Proxy23.click(Unknown Source)
at com.pages.LoginPage.verifyIfLoginIsProcessingSuccessfully(LoginPage.java:52)
at com.pageTests.LoginTests.verifyIfLoginIsTakingPlaceSuccessfully(LoginTests.java:24)
at com.pageTests.LivingRoomTests.loadCoffeeTablePage(LivingRoomTests.java:35)
at com.pageTests.LivingRoomTests.sorByNewArrivals(LivingRoomTests.java:67)
at java.base/java.util.ArrayList.forEach(ArrayList.java:1511)
at java.base/java.util.concurrent.FutureTask.run(FutureTask.java:264)
at java.base/java.util.concurrent.ThreadPoolExecutor.runWorker(ThreadPoolExecutor.java:1136)
at java.base/java.util.concurrent.ThreadPoolExecutor$Worker.run(ThreadPoolExecutor.java:635)
at java.base/java.lang.Thread.run(Thread.java:833)
... Removed 21 stack frames]]>
    </failure>
  </testcase> <!-- sorByNewArrivals -->
  <testcase classname="com.pageTests.LivingRoomTests" name="sortByDiscount" time="11.601">
    <failure type="org.openqa.selenium.ElementNotInteractableException" message="element not interactable
  (Session info: MicrosoftEdge=106.0.1370.42)
Build info: version: &amp;apos;4.4.0&amp;apos;, revision: &amp;apos;e5c75ed026a&amp;apos;
System info: host: &amp;apos;DESKTOP-F280F2S&amp;apos;, ip: &amp;apos;192.168.1.25&amp;apos;, os.name: &amp;apos;Windows 11&amp;apos;, os.arch: &amp;apos;amd64&amp;apos;, os.version: &amp;apos;10.0&amp;apos;, java.version: &amp;apos;18.0.1&amp;apos;
Driver info: org.openqa.selenium.edge.EdgeDriver
Command: [234f0d3acf82f2dd9450574569447e1f, clickElement {id=d90712ac-f57d-4991-973a-c641344c2ffd}]
Capabilities {acceptInsecureCerts: false, browserName: msedge, browserVersion: 106.0.1370.42, ms:edgeOptions: {debuggerAddress: localhost:59662}, msedge: {msedgedriverVersion: 106.0.1370.42 (01c826627559..., userDataDir: C:\Users\radhi\AppData\Loca...}, networkConnectionEnabled: false, pageLoadStrategy: normal, platformName: WINDOWS, proxy: Proxy(), se:cdp: ws://localhost:59662/devtoo..., se:cdpVersion: 106.0.1370.42, setWindowRect: true, strictFileInteractability: false, timeouts: {implicit: 0, pageLoad: 300000, script: 30000}, unhandledPromptBehavior: dismiss and notify, webauthn:extension:credBlob: true, webauthn:extension:largeBlob: true, webauthn:virtualAuthenticators: true}
Element: [[EdgeDriver: msedge on WINDOWS (234f0d3acf82f2dd9450574569447e1f)] -&amp;gt; xpath: //a[contains(text(),&amp;apos;Log In&amp;apos;)]]
Session ID: 234f0d3acf82f2dd9450574569447e1f">
      <![CDATA[org.openqa.selenium.ElementNotInteractableException: element not interactable
  (Session info: MicrosoftEdge=106.0.1370.42)
Build info: version: '4.4.0', revision: 'e5c75ed026a'
System info: host: 'DESKTOP-F280F2S', ip: '192.168.1.25', os.name: 'Windows 11', os.arch: 'amd64', os.version: '10.0', java.version: '18.0.1'
Driver info: org.openqa.selenium.edge.EdgeDriver
Command: [234f0d3acf82f2dd9450574569447e1f, clickElement {id=d90712ac-f57d-4991-973a-c641344c2ffd}]
Capabilities {acceptInsecureCerts: false, browserName: msedge, browserVersion: 106.0.1370.42, ms:edgeOptions: {debuggerAddress: localhost:59662}, msedge: {msedgedriverVersion: 106.0.1370.42 (01c826627559..., userDataDir: C:\Users\radhi\AppData\Loca...}, networkConnectionEnabled: false, pageLoadStrategy: normal, platformName: WINDOWS, proxy: Proxy(), se:cdp: ws://localhost:59662/devtoo..., se:cdpVersion: 106.0.1370.42, setWindowRect: true, strictFileInteractability: false, timeouts: {implicit: 0, pageLoad: 300000, script: 30000}, unhandledPromptBehavior: dismiss and notify, webauthn:extension:credBlob: true, webauthn:extension:largeBlob: true, webauthn:virtualAuthenticators: true}
Element: [[EdgeDriver: msedge on WINDOWS (234f0d3acf82f2dd9450574569447e1f)] -> xpath: //a[contains(text(),'Log In')]]
Session ID: 234f0d3acf82f2dd9450574569447e1f
at org.openqa.selenium.remote.codec.w3c.W3CHttpResponseCodec.createException(W3CHttpResponseCodec.java:200)
at org.openqa.selenium.remote.codec.w3c.W3CHttpResponseCodec.decode(W3CHttpResponseCodec.java:133)
at org.openqa.selenium.remote.codec.w3c.W3CHttpResponseCodec.decode(W3CHttpResponseCodec.java:53)
at org.openqa.selenium.remote.HttpCommandExecutor.execute(HttpCommandExecutor.java:184)
at org.openqa.selenium.remote.service.DriverCommandExecutor.invokeExecute(DriverCommandExecutor.java:167)
at org.openqa.selenium.remote.service.DriverCommandExecutor.execute(DriverCommandExecutor.java:142)
at org.openqa.selenium.remote.RemoteWebDriver.execute(RemoteWebDriver.java:547)
at org.openqa.selenium.remote.RemoteWebElement.execute(RemoteWebElement.java:257)
at org.openqa.selenium.remote.RemoteWebElement.click(RemoteWebElement.java:78)
at org.openqa.selenium.support.pagefactory.internal.LocatingElementHandler.invoke(LocatingElementHandler.java:52)
at jdk.proxy2/jdk.proxy2.$Proxy23.click(Unknown Source)
at com.pages.LoginPage.verifyIfLoginIsProcessingSuccessfully(LoginPage.java:52)
at com.pageTests.LoginTests.verifyIfLoginIsTakingPlaceSuccessfully(LoginTests.java:24)
at com.pageTests.LivingRoomTests.loadCoffeeTablePage(LivingRoomTests.java:35)
at com.pageTests.LivingRoomTests.sortByDiscount(LivingRoomTests.java:49)
at java.base/java.util.ArrayList.forEach(ArrayList.java:1511)
at java.base/java.util.concurrent.FutureTask.run(FutureTask.java:264)
at java.base/java.util.concurrent.ThreadPoolExecutor.runWorker(ThreadPoolExecutor.java:1136)
at java.base/java.util.concurrent.ThreadPoolExecutor$Worker.run(ThreadPoolExecutor.java:635)
at java.base/java.lang.Thread.run(Thread.java:833)
... Removed 21 stack frames]]>
    </failure>
  </testcase> <!-- sortByDiscount -->
  <testcase classname="com.pageTests.LivingRoomTests" name="sortByHighToLow" time="10.76">
    <failure type="org.openqa.selenium.ElementNotInteractableException" message="element not interactable
  (Session info: MicrosoftEdge=106.0.1370.42)
Build info: version: &amp;apos;4.4.0&amp;apos;, revision: &amp;apos;e5c75ed026a&amp;apos;
System info: host: &amp;apos;DESKTOP-F280F2S&amp;apos;, ip: &amp;apos;192.168.1.25&amp;apos;, os.name: &amp;apos;Windows 11&amp;apos;, os.arch: &amp;apos;amd64&amp;apos;, os.version: &amp;apos;10.0&amp;apos;, java.version: &amp;apos;18.0.1&amp;apos;
Driver info: org.openqa.selenium.edge.EdgeDriver
Command: [234f0d3acf82f2dd9450574569447e1f, clickElement {id=84da7ff4-16b8-4358-a9ee-2494276eb787}]
Capabilities {acceptInsecureCerts: false, browserName: msedge, browserVersion: 106.0.1370.42, ms:edgeOptions: {debuggerAddress: localhost:59662}, msedge: {msedgedriverVersion: 106.0.1370.42 (01c826627559..., userDataDir: C:\Users\radhi\AppData\Loca...}, networkConnectionEnabled: false, pageLoadStrategy: normal, platformName: WINDOWS, proxy: Proxy(), se:cdp: ws://localhost:59662/devtoo..., se:cdpVersion: 106.0.1370.42, setWindowRect: true, strictFileInteractability: false, timeouts: {implicit: 0, pageLoad: 300000, script: 30000}, unhandledPromptBehavior: dismiss and notify, webauthn:extension:credBlob: true, webauthn:extension:largeBlob: true, webauthn:virtualAuthenticators: true}
Element: [[EdgeDriver: msedge on WINDOWS (234f0d3acf82f2dd9450574569447e1f)] -&amp;gt; xpath: //a[contains(text(),&amp;apos;Log In&amp;apos;)]]
Session ID: 234f0d3acf82f2dd9450574569447e1f">
      <![CDATA[org.openqa.selenium.ElementNotInteractableException: element not interactable
  (Session info: MicrosoftEdge=106.0.1370.42)
Build info: version: '4.4.0', revision: 'e5c75ed026a'
System info: host: 'DESKTOP-F280F2S', ip: '192.168.1.25', os.name: 'Windows 11', os.arch: 'amd64', os.version: '10.0', java.version: '18.0.1'
Driver info: org.openqa.selenium.edge.EdgeDriver
Command: [234f0d3acf82f2dd9450574569447e1f, clickElement {id=84da7ff4-16b8-4358-a9ee-2494276eb787}]
Capabilities {acceptInsecureCerts: false, browserName: msedge, browserVersion: 106.0.1370.42, ms:edgeOptions: {debuggerAddress: localhost:59662}, msedge: {msedgedriverVersion: 106.0.1370.42 (01c826627559..., userDataDir: C:\Users\radhi\AppData\Loca...}, networkConnectionEnabled: false, pageLoadStrategy: normal, platformName: WINDOWS, proxy: Proxy(), se:cdp: ws://localhost:59662/devtoo..., se:cdpVersion: 106.0.1370.42, setWindowRect: true, strictFileInteractability: false, timeouts: {implicit: 0, pageLoad: 300000, script: 30000}, unhandledPromptBehavior: dismiss and notify, webauthn:extension:credBlob: true, webauthn:extension:largeBlob: true, webauthn:virtualAuthenticators: true}
Element: [[EdgeDriver: msedge on WINDOWS (234f0d3acf82f2dd9450574569447e1f)] -> xpath: //a[contains(text(),'Log In')]]
Session ID: 234f0d3acf82f2dd9450574569447e1f
at org.openqa.selenium.remote.codec.w3c.W3CHttpResponseCodec.createException(W3CHttpResponseCodec.java:200)
at org.openqa.selenium.remote.codec.w3c.W3CHttpResponseCodec.decode(W3CHttpResponseCodec.java:133)
at org.openqa.selenium.remote.codec.w3c.W3CHttpResponseCodec.decode(W3CHttpResponseCodec.java:53)
at org.openqa.selenium.remote.HttpCommandExecutor.execute(HttpCommandExecutor.java:184)
at org.openqa.selenium.remote.service.DriverCommandExecutor.invokeExecute(DriverCommandExecutor.java:167)
at org.openqa.selenium.remote.service.DriverCommandExecutor.execute(DriverCommandExecutor.java:142)
at org.openqa.selenium.remote.RemoteWebDriver.execute(RemoteWebDriver.java:547)
at org.openqa.selenium.remote.RemoteWebElement.execute(RemoteWebElement.java:257)
at org.openqa.selenium.remote.RemoteWebElement.click(RemoteWebElement.java:78)
at org.openqa.selenium.support.pagefactory.internal.LocatingElementHandler.invoke(LocatingElementHandler.java:52)
at jdk.proxy2/jdk.proxy2.$Proxy23.click(Unknown Source)
at com.pages.LoginPage.verifyIfLoginIsProcessingSuccessfully(LoginPage.java:52)
at com.pageTests.LoginTests.verifyIfLoginIsTakingPlaceSuccessfully(LoginTests.java:24)
at com.pageTests.LivingRoomTests.loadCoffeeTablePage(LivingRoomTests.java:35)
at com.pageTests.LivingRoomTests.sortByHighToLow(LivingRoomTests.java:55)
at java.base/java.util.ArrayList.forEach(ArrayList.java:1511)
at java.base/java.util.concurrent.FutureTask.run(FutureTask.java:264)
at java.base/java.util.concurrent.ThreadPoolExecutor.runWorker(ThreadPoolExecutor.java:1136)
at java.base/java.util.concurrent.ThreadPoolExecutor$Worker.run(ThreadPoolExecutor.java:635)
at java.base/java.lang.Thread.run(Thread.java:833)
... Removed 21 stack frames]]>
    </failure>
  </testcase> <!-- sortByHighToLow -->
  <testcase classname="com.pageTests.LivingRoomTests" name="sortByLowToHigh" time="10.729">
    <failure type="org.openqa.selenium.ElementNotInteractableException" message="element not interactable
  (Session info: MicrosoftEdge=106.0.1370.42)
Build info: version: &amp;apos;4.4.0&amp;apos;, revision: &amp;apos;e5c75ed026a&amp;apos;
System info: host: &amp;apos;DESKTOP-F280F2S&amp;apos;, ip: &amp;apos;192.168.1.25&amp;apos;, os.name: &amp;apos;Windows 11&amp;apos;, os.arch: &amp;apos;amd64&amp;apos;, os.version: &amp;apos;10.0&amp;apos;, java.version: &amp;apos;18.0.1&amp;apos;
Driver info: org.openqa.selenium.edge.EdgeDriver
Command: [234f0d3acf82f2dd9450574569447e1f, clickElement {id=54a16920-6859-403c-aed1-31724de70a73}]
Capabilities {acceptInsecureCerts: false, browserName: msedge, browserVersion: 106.0.1370.42, ms:edgeOptions: {debuggerAddress: localhost:59662}, msedge: {msedgedriverVersion: 106.0.1370.42 (01c826627559..., userDataDir: C:\Users\radhi\AppData\Loca...}, networkConnectionEnabled: false, pageLoadStrategy: normal, platformName: WINDOWS, proxy: Proxy(), se:cdp: ws://localhost:59662/devtoo..., se:cdpVersion: 106.0.1370.42, setWindowRect: true, strictFileInteractability: false, timeouts: {implicit: 0, pageLoad: 300000, script: 30000}, unhandledPromptBehavior: dismiss and notify, webauthn:extension:credBlob: true, webauthn:extension:largeBlob: true, webauthn:virtualAuthenticators: true}
Element: [[EdgeDriver: msedge on WINDOWS (234f0d3acf82f2dd9450574569447e1f)] -&amp;gt; xpath: //a[contains(text(),&amp;apos;Log In&amp;apos;)]]
Session ID: 234f0d3acf82f2dd9450574569447e1f">
      <![CDATA[org.openqa.selenium.ElementNotInteractableException: element not interactable
  (Session info: MicrosoftEdge=106.0.1370.42)
Build info: version: '4.4.0', revision: 'e5c75ed026a'
System info: host: 'DESKTOP-F280F2S', ip: '192.168.1.25', os.name: 'Windows 11', os.arch: 'amd64', os.version: '10.0', java.version: '18.0.1'
Driver info: org.openqa.selenium.edge.EdgeDriver
Command: [234f0d3acf82f2dd9450574569447e1f, clickElement {id=54a16920-6859-403c-aed1-31724de70a73}]
Capabilities {acceptInsecureCerts: false, browserName: msedge, browserVersion: 106.0.1370.42, ms:edgeOptions: {debuggerAddress: localhost:59662}, msedge: {msedgedriverVersion: 106.0.1370.42 (01c826627559..., userDataDir: C:\Users\radhi\AppData\Loca...}, networkConnectionEnabled: false, pageLoadStrategy: normal, platformName: WINDOWS, proxy: Proxy(), se:cdp: ws://localhost:59662/devtoo..., se:cdpVersion: 106.0.1370.42, setWindowRect: true, strictFileInteractability: false, timeouts: {implicit: 0, pageLoad: 300000, script: 30000}, unhandledPromptBehavior: dismiss and notify, webauthn:extension:credBlob: true, webauthn:extension:largeBlob: true, webauthn:virtualAuthenticators: true}
Element: [[EdgeDriver: msedge on WINDOWS (234f0d3acf82f2dd9450574569447e1f)] -> xpath: //a[contains(text(),'Log In')]]
Session ID: 234f0d3acf82f2dd9450574569447e1f
at org.openqa.selenium.remote.codec.w3c.W3CHttpResponseCodec.createException(W3CHttpResponseCodec.java:200)
at org.openqa.selenium.remote.codec.w3c.W3CHttpResponseCodec.decode(W3CHttpResponseCodec.java:133)
at org.openqa.selenium.remote.codec.w3c.W3CHttpResponseCodec.decode(W3CHttpResponseCodec.java:53)
at org.openqa.selenium.remote.HttpCommandExecutor.execute(HttpCommandExecutor.java:184)
at org.openqa.selenium.remote.service.DriverCommandExecutor.invokeExecute(DriverCommandExecutor.java:167)
at org.openqa.selenium.remote.service.DriverCommandExecutor.execute(DriverCommandExecutor.java:142)
at org.openqa.selenium.remote.RemoteWebDriver.execute(RemoteWebDriver.java:547)
at org.openqa.selenium.remote.RemoteWebElement.execute(RemoteWebElement.java:257)
at org.openqa.selenium.remote.RemoteWebElement.click(RemoteWebElement.java:78)
at org.openqa.selenium.support.pagefactory.internal.LocatingElementHandler.invoke(LocatingElementHandler.java:52)
at jdk.proxy2/jdk.proxy2.$Proxy23.click(Unknown Source)
at com.pages.LoginPage.verifyIfLoginIsProcessingSuccessfully(LoginPage.java:52)
at com.pageTests.LoginTests.verifyIfLoginIsTakingPlaceSuccessfully(LoginTests.java:24)
at com.pageTests.LivingRoomTests.loadCoffeeTablePage(LivingRoomTests.java:35)
at com.pageTests.LivingRoomTests.sortByLowToHigh(LivingRoomTests.java:42)
at java.base/java.util.ArrayList.forEach(ArrayList.java:1511)
at java.base/java.util.concurrent.FutureTask.run(FutureTask.java:264)
at java.base/java.util.concurrent.ThreadPoolExecutor.runWorker(ThreadPoolExecutor.java:1136)
at java.base/java.util.concurrent.ThreadPoolExecutor$Worker.run(ThreadPoolExecutor.java:635)
at java.base/java.lang.Thread.run(Thread.java:833)
... Removed 21 stack frames]]>
    </failure>
  </testcase> <!-- sortByLowToHigh -->
  <testcase classname="com.pageTests.LivingRoomTests" name="sortByRecommended" time="18.574">
    <failure type="org.openqa.selenium.StaleElementReferenceException" message="stale element reference: element is not attached to the page document
  (Session info: MicrosoftEdge=106.0.1370.42)
For documentation on this error, please visit: https://selenium.dev/exceptions/#stale_element_reference
Build info: version: &amp;apos;4.4.0&amp;apos;, revision: &amp;apos;e5c75ed026a&amp;apos;
System info: host: &amp;apos;DESKTOP-F280F2S&amp;apos;, ip: &amp;apos;192.168.1.25&amp;apos;, os.name: &amp;apos;Windows 11&amp;apos;, os.arch: &amp;apos;amd64&amp;apos;, os.version: &amp;apos;10.0&amp;apos;, java.version: &amp;apos;18.0.1&amp;apos;
Driver info: org.openqa.selenium.edge.EdgeDriver
Command: [234f0d3acf82f2dd9450574569447e1f, clickElement {id=64378759-32da-44f1-b5d3-78d9ca4f85dc}]
Capabilities {acceptInsecureCerts: false, browserName: msedge, browserVersion: 106.0.1370.42, ms:edgeOptions: {debuggerAddress: localhost:59662}, msedge: {msedgedriverVersion: 106.0.1370.42 (01c826627559..., userDataDir: C:\Users\radhi\AppData\Loca...}, networkConnectionEnabled: false, pageLoadStrategy: normal, platformName: WINDOWS, proxy: Proxy(), se:cdp: ws://localhost:59662/devtoo..., se:cdpVersion: 106.0.1370.42, setWindowRect: true, strictFileInteractability: false, timeouts: {implicit: 0, pageLoad: 300000, script: 30000}, unhandledPromptBehavior: dismiss and notify, webauthn:extension:credBlob: true, webauthn:extension:largeBlob: true, webauthn:virtualAuthenticators: true}
Element: [[EdgeDriver: msedge on WINDOWS (234f0d3acf82f2dd9450574569447e1f)] -&amp;gt; xpath: //a[contains(text(),&amp;apos;Log In&amp;apos;)]]
Session ID: 234f0d3acf82f2dd9450574569447e1f">
      <![CDATA[org.openqa.selenium.StaleElementReferenceException: stale element reference: element is not attached to the page document
  (Session info: MicrosoftEdge=106.0.1370.42)
For documentation on this error, please visit: https://selenium.dev/exceptions/#stale_element_reference
Build info: version: '4.4.0', revision: 'e5c75ed026a'
System info: host: 'DESKTOP-F280F2S', ip: '192.168.1.25', os.name: 'Windows 11', os.arch: 'amd64', os.version: '10.0', java.version: '18.0.1'
Driver info: org.openqa.selenium.edge.EdgeDriver
Command: [234f0d3acf82f2dd9450574569447e1f, clickElement {id=64378759-32da-44f1-b5d3-78d9ca4f85dc}]
Capabilities {acceptInsecureCerts: false, browserName: msedge, browserVersion: 106.0.1370.42, ms:edgeOptions: {debuggerAddress: localhost:59662}, msedge: {msedgedriverVersion: 106.0.1370.42 (01c826627559..., userDataDir: C:\Users\radhi\AppData\Loca...}, networkConnectionEnabled: false, pageLoadStrategy: normal, platformName: WINDOWS, proxy: Proxy(), se:cdp: ws://localhost:59662/devtoo..., se:cdpVersion: 106.0.1370.42, setWindowRect: true, strictFileInteractability: false, timeouts: {implicit: 0, pageLoad: 300000, script: 30000}, unhandledPromptBehavior: dismiss and notify, webauthn:extension:credBlob: true, webauthn:extension:largeBlob: true, webauthn:virtualAuthenticators: true}
Element: [[EdgeDriver: msedge on WINDOWS (234f0d3acf82f2dd9450574569447e1f)] -> xpath: //a[contains(text(),'Log In')]]
Session ID: 234f0d3acf82f2dd9450574569447e1f
at org.openqa.selenium.remote.codec.w3c.W3CHttpResponseCodec.createException(W3CHttpResponseCodec.java:200)
at org.openqa.selenium.remote.codec.w3c.W3CHttpResponseCodec.decode(W3CHttpResponseCodec.java:133)
at org.openqa.selenium.remote.codec.w3c.W3CHttpResponseCodec.decode(W3CHttpResponseCodec.java:53)
at org.openqa.selenium.remote.HttpCommandExecutor.execute(HttpCommandExecutor.java:184)
at org.openqa.selenium.remote.service.DriverCommandExecutor.invokeExecute(DriverCommandExecutor.java:167)
at org.openqa.selenium.remote.service.DriverCommandExecutor.execute(DriverCommandExecutor.java:142)
at org.openqa.selenium.remote.RemoteWebDriver.execute(RemoteWebDriver.java:547)
at org.openqa.selenium.remote.RemoteWebElement.execute(RemoteWebElement.java:257)
at org.openqa.selenium.remote.RemoteWebElement.click(RemoteWebElement.java:78)
at org.openqa.selenium.support.pagefactory.internal.LocatingElementHandler.invoke(LocatingElementHandler.java:52)
at jdk.proxy2/jdk.proxy2.$Proxy23.click(Unknown Source)
at com.pages.LoginPage.verifyIfLoginIsProcessingSuccessfully(LoginPage.java:52)
at com.pageTests.LoginTests.verifyIfLoginIsTakingPlaceSuccessfully(LoginTests.java:24)
at com.pageTests.LivingRoomTests.loadCoffeeTablePage(LivingRoomTests.java:35)
at com.pageTests.LivingRoomTests.sortByRecommended(LivingRoomTests.java:61)
at java.base/java.util.ArrayList.forEach(ArrayList.java:1511)
at java.base/java.util.concurrent.FutureTask.run(FutureTask.java:264)
at java.base/java.util.concurrent.ThreadPoolExecutor.runWorker(ThreadPoolExecutor.java:1136)
at java.base/java.util.concurrent.ThreadPoolExecutor$Worker.run(ThreadPoolExecutor.java:635)
at java.base/java.lang.Thread.run(Thread.java:833)
... Removed 21 stack frames]]>
    </failure>
  </testcase> <!-- sortByRecommended -->
  <testcase classname="com.pageTests.LivingRoomTests" name="verifyIfLivingCatalogProductListIsDisplayed" time="7.011">
    <failure type="org.openqa.selenium.NoSuchSessionException" message="invalid session id
Build info: version: &amp;apos;4.4.0&amp;apos;, revision: &amp;apos;e5c75ed026a&amp;apos;
System info: host: &amp;apos;DESKTOP-F280F2S&amp;apos;, ip: &amp;apos;192.168.1.25&amp;apos;, os.name: &amp;apos;Windows 11&amp;apos;, os.arch: &amp;apos;amd64&amp;apos;, os.version: &amp;apos;10.0&amp;apos;, java.version: &amp;apos;18.0.1&amp;apos;
Driver info: org.openqa.selenium.edge.EdgeDriver
Command: [234f0d3acf82f2dd9450574569447e1f, findElement {using=xpath, value=//li[@class=&amp;quot;topnav_item livingunit&amp;quot;]}]
Capabilities {acceptInsecureCerts: false, browserName: msedge, browserVersion: 106.0.1370.42, ms:edgeOptions: {debuggerAddress: localhost:59662}, msedge: {msedgedriverVersion: 106.0.1370.42 (01c826627559..., userDataDir: C:\Users\radhi\AppData\Loca...}, networkConnectionEnabled: false, pageLoadStrategy: normal, platformName: WINDOWS, proxy: Proxy(), se:cdp: ws://localhost:59662/devtoo..., se:cdpVersion: 106.0.1370.42, setWindowRect: true, strictFileInteractability: false, timeouts: {implicit: 0, pageLoad: 300000, script: 30000}, unhandledPromptBehavior: dismiss and notify, webauthn:extension:credBlob: true, webauthn:extension:largeBlob: true, webauthn:virtualAuthenticators: true}
Session ID: 234f0d3acf82f2dd9450574569447e1f">
      <![CDATA[org.openqa.selenium.NoSuchSessionException: invalid session id
Build info: version: '4.4.0', revision: 'e5c75ed026a'
System info: host: 'DESKTOP-F280F2S', ip: '192.168.1.25', os.name: 'Windows 11', os.arch: 'amd64', os.version: '10.0', java.version: '18.0.1'
Driver info: org.openqa.selenium.edge.EdgeDriver
Command: [234f0d3acf82f2dd9450574569447e1f, findElement {using=xpath, value=//li[@class="topnav_item livingunit"]}]
Capabilities {acceptInsecureCerts: false, browserName: msedge, browserVersion: 106.0.1370.42, ms:edgeOptions: {debuggerAddress: localhost:59662}, msedge: {msedgedriverVersion: 106.0.1370.42 (01c826627559..., userDataDir: C:\Users\radhi\AppData\Loca...}, networkConnectionEnabled: false, pageLoadStrategy: normal, platformName: WINDOWS, proxy: Proxy(), se:cdp: ws://localhost:59662/devtoo..., se:cdpVersion: 106.0.1370.42, setWindowRect: true, strictFileInteractability: false, timeouts: {implicit: 0, pageLoad: 300000, script: 30000}, unhandledPromptBehavior: dismiss and notify, webauthn:extension:credBlob: true, webauthn:extension:largeBlob: true, webauthn:virtualAuthenticators: true}
Session ID: 234f0d3acf82f2dd9450574569447e1f
at org.openqa.selenium.remote.codec.w3c.W3CHttpResponseCodec.createException(W3CHttpResponseCodec.java:200)
at org.openqa.selenium.remote.codec.w3c.W3CHttpResponseCodec.decode(W3CHttpResponseCodec.java:133)
at org.openqa.selenium.remote.codec.w3c.W3CHttpResponseCodec.decode(W3CHttpResponseCodec.java:53)
at org.openqa.selenium.remote.HttpCommandExecutor.execute(HttpCommandExecutor.java:184)
at org.openqa.selenium.remote.service.DriverCommandExecutor.invokeExecute(DriverCommandExecutor.java:167)
at org.openqa.selenium.remote.service.DriverCommandExecutor.execute(DriverCommandExecutor.java:142)
at org.openqa.selenium.remote.RemoteWebDriver.execute(RemoteWebDriver.java:547)
at org.openqa.selenium.remote.ElementLocation$ElementFinder$2.findElement(ElementLocation.java:162)
at org.openqa.selenium.remote.ElementLocation.findElement(ElementLocation.java:60)
at org.openqa.selenium.remote.RemoteWebDriver.findElement(RemoteWebDriver.java:365)
at org.openqa.selenium.remote.RemoteWebDriver.findElement(RemoteWebDriver.java:357)
at org.openqa.selenium.support.pagefactory.DefaultElementLocator.findElement(DefaultElementLocator.java:70)
at org.openqa.selenium.support.pagefactory.internal.LocatingElementHandler.invoke(LocatingElementHandler.java:39)
at jdk.proxy2/jdk.proxy2.$Proxy23.click(Unknown Source)
at com.keywords.Keyword.goToPage(Keyword.java:51)
at com.pages.LivingRoomPage.hoverOnLiving(LivingRoomPage.java:36)
at com.pageTests.LivingRoomTests.verifyIfLivingCatalogProductListIsDisplayed(LivingRoomTests.java:76)
at java.base/java.util.ArrayList.forEach(ArrayList.java:1511)
at java.base/java.util.concurrent.FutureTask.run(FutureTask.java:264)
at java.base/java.util.concurrent.ThreadPoolExecutor.runWorker(ThreadPoolExecutor.java:1136)
at java.base/java.util.concurrent.ThreadPoolExecutor$Worker.run(ThreadPoolExecutor.java:635)
at java.base/java.lang.Thread.run(Thread.java:833)
... Removed 19 stack frames]]>
    </failure>
  </testcase> <!-- verifyIfLivingCatalogProductListIsDisplayed -->
  <testcase classname="com.pageTests.LivingRoomTests" name="verifyIfLivingRoomDropBoxOpensAndComparesSelectedItems" time="0.007">
    <failure type="org.openqa.selenium.NoSuchSessionException" message="invalid session id
Build info: version: &amp;apos;4.4.0&amp;apos;, revision: &amp;apos;e5c75ed026a&amp;apos;
System info: host: &amp;apos;DESKTOP-F280F2S&amp;apos;, ip: &amp;apos;192.168.1.25&amp;apos;, os.name: &amp;apos;Windows 11&amp;apos;, os.arch: &amp;apos;amd64&amp;apos;, os.version: &amp;apos;10.0&amp;apos;, java.version: &amp;apos;18.0.1&amp;apos;
Driver info: org.openqa.selenium.edge.EdgeDriver
Command: [234f0d3acf82f2dd9450574569447e1f, get {url=https://www.urbanladder.com/}]
Capabilities {acceptInsecureCerts: false, browserName: msedge, browserVersion: 106.0.1370.42, ms:edgeOptions: {debuggerAddress: localhost:59662}, msedge: {msedgedriverVersion: 106.0.1370.42 (01c826627559..., userDataDir: C:\Users\radhi\AppData\Loca...}, networkConnectionEnabled: false, pageLoadStrategy: normal, platformName: WINDOWS, proxy: Proxy(), se:cdp: ws://localhost:59662/devtoo..., se:cdpVersion: 106.0.1370.42, setWindowRect: true, strictFileInteractability: false, timeouts: {implicit: 0, pageLoad: 300000, script: 30000}, unhandledPromptBehavior: dismiss and notify, webauthn:extension:credBlob: true, webauthn:extension:largeBlob: true, webauthn:virtualAuthenticators: true}
Session ID: 234f0d3acf82f2dd9450574569447e1f">
      <![CDATA[org.openqa.selenium.NoSuchSessionException: invalid session id
Build info: version: '4.4.0', revision: 'e5c75ed026a'
System info: host: 'DESKTOP-F280F2S', ip: '192.168.1.25', os.name: 'Windows 11', os.arch: 'amd64', os.version: '10.0', java.version: '18.0.1'
Driver info: org.openqa.selenium.edge.EdgeDriver
Command: [234f0d3acf82f2dd9450574569447e1f, get {url=https://www.urbanladder.com/}]
Capabilities {acceptInsecureCerts: false, browserName: msedge, browserVersion: 106.0.1370.42, ms:edgeOptions: {debuggerAddress: localhost:59662}, msedge: {msedgedriverVersion: 106.0.1370.42 (01c826627559..., userDataDir: C:\Users\radhi\AppData\Loca...}, networkConnectionEnabled: false, pageLoadStrategy: normal, platformName: WINDOWS, proxy: Proxy(), se:cdp: ws://localhost:59662/devtoo..., se:cdpVersion: 106.0.1370.42, setWindowRect: true, strictFileInteractability: false, timeouts: {implicit: 0, pageLoad: 300000, script: 30000}, unhandledPromptBehavior: dismiss and notify, webauthn:extension:credBlob: true, webauthn:extension:largeBlob: true, webauthn:virtualAuthenticators: true}
Session ID: 234f0d3acf82f2dd9450574569447e1f
at org.openqa.selenium.remote.codec.w3c.W3CHttpResponseCodec.createException(W3CHttpResponseCodec.java:200)
at org.openqa.selenium.remote.codec.w3c.W3CHttpResponseCodec.decode(W3CHttpResponseCodec.java:133)
at org.openqa.selenium.remote.codec.w3c.W3CHttpResponseCodec.decode(W3CHttpResponseCodec.java:53)
at org.openqa.selenium.remote.HttpCommandExecutor.execute(HttpCommandExecutor.java:184)
at org.openqa.selenium.remote.service.DriverCommandExecutor.invokeExecute(DriverCommandExecutor.java:167)
at org.openqa.selenium.remote.service.DriverCommandExecutor.execute(DriverCommandExecutor.java:142)
at org.openqa.selenium.remote.RemoteWebDriver.execute(RemoteWebDriver.java:547)
at org.openqa.selenium.remote.RemoteWebDriver.get(RemoteWebDriver.java:310)
at com.keywords.Keyword.launchUrl(Keyword.java:38)
at com.pageTests.LivingRoomTests.verifyIfLivingRoomDropBoxOpensAndComparesSelectedItems(LivingRoomTests.java:21)
at java.base/java.util.ArrayList.forEach(ArrayList.java:1511)
at java.base/java.util.concurrent.FutureTask.run(FutureTask.java:264)
at java.base/java.util.concurrent.ThreadPoolExecutor.runWorker(ThreadPoolExecutor.java:1136)
at java.base/java.util.concurrent.ThreadPoolExecutor$Worker.run(ThreadPoolExecutor.java:635)
at java.base/java.lang.Thread.run(Thread.java:833)
... Removed 19 stack frames]]>
    </failure>
  </testcase> <!-- verifyIfLivingRoomDropBoxOpensAndComparesSelectedItems -->
  <testcase classname="com.pageTests.SearchTests" name="checkIfInvalidSymbolsDeniedBySearchBar" time="0.009">
    <failure type="org.openqa.selenium.NoSuchSessionException" message="invalid session id
Build info: version: &amp;apos;4.4.0&amp;apos;, revision: &amp;apos;e5c75ed026a&amp;apos;
System info: host: &amp;apos;DESKTOP-F280F2S&amp;apos;, ip: &amp;apos;192.168.1.25&amp;apos;, os.name: &amp;apos;Windows 11&amp;apos;, os.arch: &amp;apos;amd64&amp;apos;, os.version: &amp;apos;10.0&amp;apos;, java.version: &amp;apos;18.0.1&amp;apos;
Driver info: org.openqa.selenium.edge.EdgeDriver
Command: [234f0d3acf82f2dd9450574569447e1f, get {url=https://www.urbanladder.com/}]
Capabilities {acceptInsecureCerts: false, browserName: msedge, browserVersion: 106.0.1370.42, ms:edgeOptions: {debuggerAddress: localhost:59662}, msedge: {msedgedriverVersion: 106.0.1370.42 (01c826627559..., userDataDir: C:\Users\radhi\AppData\Loca...}, networkConnectionEnabled: false, pageLoadStrategy: normal, platformName: WINDOWS, proxy: Proxy(), se:cdp: ws://localhost:59662/devtoo..., se:cdpVersion: 106.0.1370.42, setWindowRect: true, strictFileInteractability: false, timeouts: {implicit: 0, pageLoad: 300000, script: 30000}, unhandledPromptBehavior: dismiss and notify, webauthn:extension:credBlob: true, webauthn:extension:largeBlob: true, webauthn:virtualAuthenticators: true}
Session ID: 234f0d3acf82f2dd9450574569447e1f">
      <![CDATA[org.openqa.selenium.NoSuchSessionException: invalid session id
Build info: version: '4.4.0', revision: 'e5c75ed026a'
System info: host: 'DESKTOP-F280F2S', ip: '192.168.1.25', os.name: 'Windows 11', os.arch: 'amd64', os.version: '10.0', java.version: '18.0.1'
Driver info: org.openqa.selenium.edge.EdgeDriver
Command: [234f0d3acf82f2dd9450574569447e1f, get {url=https://www.urbanladder.com/}]
Capabilities {acceptInsecureCerts: false, browserName: msedge, browserVersion: 106.0.1370.42, ms:edgeOptions: {debuggerAddress: localhost:59662}, msedge: {msedgedriverVersion: 106.0.1370.42 (01c826627559..., userDataDir: C:\Users\radhi\AppData\Loca...}, networkConnectionEnabled: false, pageLoadStrategy: normal, platformName: WINDOWS, proxy: Proxy(), se:cdp: ws://localhost:59662/devtoo..., se:cdpVersion: 106.0.1370.42, setWindowRect: true, strictFileInteractability: false, timeouts: {implicit: 0, pageLoad: 300000, script: 30000}, unhandledPromptBehavior: dismiss and notify, webauthn:extension:credBlob: true, webauthn:extension:largeBlob: true, webauthn:virtualAuthenticators: true}
Session ID: 234f0d3acf82f2dd9450574569447e1f
at org.openqa.selenium.remote.codec.w3c.W3CHttpResponseCodec.createException(W3CHttpResponseCodec.java:200)
at org.openqa.selenium.remote.codec.w3c.W3CHttpResponseCodec.decode(W3CHttpResponseCodec.java:133)
at org.openqa.selenium.remote.codec.w3c.W3CHttpResponseCodec.decode(W3CHttpResponseCodec.java:53)
at org.openqa.selenium.remote.HttpCommandExecutor.execute(HttpCommandExecutor.java:184)
at org.openqa.selenium.remote.service.DriverCommandExecutor.invokeExecute(DriverCommandExecutor.java:167)
at org.openqa.selenium.remote.service.DriverCommandExecutor.execute(DriverCommandExecutor.java:142)
at org.openqa.selenium.remote.RemoteWebDriver.execute(RemoteWebDriver.java:547)
at org.openqa.selenium.remote.RemoteWebDriver.get(RemoteWebDriver.java:310)
at com.keywords.Keyword.launchUrl(Keyword.java:38)
at com.pageTests.SearchTests.checkIfInvalidSymbolsDeniedBySearchBar(SearchTests.java:17)
at java.base/java.util.ArrayList.forEach(ArrayList.java:1511)
at java.base/java.util.concurrent.FutureTask.run(FutureTask.java:264)
at java.base/java.util.concurrent.ThreadPoolExecutor.runWorker(ThreadPoolExecutor.java:1136)
at java.base/java.util.concurrent.ThreadPoolExecutor$Worker.run(ThreadPoolExecutor.java:635)
at java.base/java.lang.Thread.run(Thread.java:833)
... Removed 19 stack frames]]>
    </failure>
  </testcase> <!-- checkIfInvalidSymbolsDeniedBySearchBar -->
  <testcase classname="com.pageTests.SearchTests" name="checkIfNumbersDeniedBySearchBar" time="0.003">
    <failure type="org.openqa.selenium.NoSuchSessionException" message="invalid session id
Build info: version: &amp;apos;4.4.0&amp;apos;, revision: &amp;apos;e5c75ed026a&amp;apos;
System info: host: &amp;apos;DESKTOP-F280F2S&amp;apos;, ip: &amp;apos;192.168.1.25&amp;apos;, os.name: &amp;apos;Windows 11&amp;apos;, os.arch: &amp;apos;amd64&amp;apos;, os.version: &amp;apos;10.0&amp;apos;, java.version: &amp;apos;18.0.1&amp;apos;
Driver info: org.openqa.selenium.edge.EdgeDriver
Command: [234f0d3acf82f2dd9450574569447e1f, get {url=https://www.urbanladder.com/}]
Capabilities {acceptInsecureCerts: false, browserName: msedge, browserVersion: 106.0.1370.42, ms:edgeOptions: {debuggerAddress: localhost:59662}, msedge: {msedgedriverVersion: 106.0.1370.42 (01c826627559..., userDataDir: C:\Users\radhi\AppData\Loca...}, networkConnectionEnabled: false, pageLoadStrategy: normal, platformName: WINDOWS, proxy: Proxy(), se:cdp: ws://localhost:59662/devtoo..., se:cdpVersion: 106.0.1370.42, setWindowRect: true, strictFileInteractability: false, timeouts: {implicit: 0, pageLoad: 300000, script: 30000}, unhandledPromptBehavior: dismiss and notify, webauthn:extension:credBlob: true, webauthn:extension:largeBlob: true, webauthn:virtualAuthenticators: true}
Session ID: 234f0d3acf82f2dd9450574569447e1f">
      <![CDATA[org.openqa.selenium.NoSuchSessionException: invalid session id
Build info: version: '4.4.0', revision: 'e5c75ed026a'
System info: host: 'DESKTOP-F280F2S', ip: '192.168.1.25', os.name: 'Windows 11', os.arch: 'amd64', os.version: '10.0', java.version: '18.0.1'
Driver info: org.openqa.selenium.edge.EdgeDriver
Command: [234f0d3acf82f2dd9450574569447e1f, get {url=https://www.urbanladder.com/}]
Capabilities {acceptInsecureCerts: false, browserName: msedge, browserVersion: 106.0.1370.42, ms:edgeOptions: {debuggerAddress: localhost:59662}, msedge: {msedgedriverVersion: 106.0.1370.42 (01c826627559..., userDataDir: C:\Users\radhi\AppData\Loca...}, networkConnectionEnabled: false, pageLoadStrategy: normal, platformName: WINDOWS, proxy: Proxy(), se:cdp: ws://localhost:59662/devtoo..., se:cdpVersion: 106.0.1370.42, setWindowRect: true, strictFileInteractability: false, timeouts: {implicit: 0, pageLoad: 300000, script: 30000}, unhandledPromptBehavior: dismiss and notify, webauthn:extension:credBlob: true, webauthn:extension:largeBlob: true, webauthn:virtualAuthenticators: true}
Session ID: 234f0d3acf82f2dd9450574569447e1f
at org.openqa.selenium.remote.codec.w3c.W3CHttpResponseCodec.createException(W3CHttpResponseCodec.java:200)
at org.openqa.selenium.remote.codec.w3c.W3CHttpResponseCodec.decode(W3CHttpResponseCodec.java:133)
at org.openqa.selenium.remote.codec.w3c.W3CHttpResponseCodec.decode(W3CHttpResponseCodec.java:53)
at org.openqa.selenium.remote.HttpCommandExecutor.execute(HttpCommandExecutor.java:184)
at org.openqa.selenium.remote.service.DriverCommandExecutor.invokeExecute(DriverCommandExecutor.java:167)
at org.openqa.selenium.remote.service.DriverCommandExecutor.execute(DriverCommandExecutor.java:142)
at org.openqa.selenium.remote.RemoteWebDriver.execute(RemoteWebDriver.java:547)
at org.openqa.selenium.remote.RemoteWebDriver.get(RemoteWebDriver.java:310)
at com.keywords.Keyword.launchUrl(Keyword.java:38)
at com.pageTests.SearchTests.checkIfNumbersDeniedBySearchBar(SearchTests.java:24)
at java.base/java.util.ArrayList.forEach(ArrayList.java:1511)
at java.base/java.util.concurrent.FutureTask.run(FutureTask.java:264)
at java.base/java.util.concurrent.ThreadPoolExecutor.runWorker(ThreadPoolExecutor.java:1136)
at java.base/java.util.concurrent.ThreadPoolExecutor$Worker.run(ThreadPoolExecutor.java:635)
at java.base/java.lang.Thread.run(Thread.java:833)
... Removed 19 stack frames]]>
    </failure>
  </testcase> <!-- checkIfNumbersDeniedBySearchBar -->
  <testcase classname="com.base.BaseForTestNg" name="@AfterTest tearDown" time="0.0">
    <ignored/>
  </testcase> <!-- @AfterTest tearDown -->
  <testcase classname="com.base.BaseForTestNg" name="@AfterTest tearDown" time="0.0">
    <ignored/>
  </testcase> <!-- @AfterTest tearDown -->
  <testcase classname="com.base.BaseForTestNg" name="@AfterTest tearDown" time="0.0">
    <ignored/>
  </testcase> <!-- @AfterTest tearDown -->
  <testcase classname="com.base.BaseForTestNg" name="@AfterTest tearDown" time="0.0">
    <ignored/>
  </testcase> <!-- @AfterTest tearDown -->
  <testcase classname="com.base.BaseForTestNg" name="@AfterTest tearDown" time="0.0">
    <ignored/>
  </testcase> <!-- @AfterTest tearDown -->
  <testcase classname="com.base.BaseForTestNg" name="@AfterTest tearDown" time="0.0">
    <ignored/>
  </testcase> <!-- @AfterTest tearDown -->
  <testcase classname="com.base.BaseForTestNg" name="@BeforeTest setUp" time="0.0">
    <ignored/>
  </testcase> <!-- @BeforeTest setUp -->
  <testcase classname="com.base.BaseForTestNg" name="@BeforeTest setUp" time="0.0">
    <ignored/>
  </testcase> <!-- @BeforeTest setUp -->
  <testcase classname="com.base.BaseForTestNg" name="@BeforeTest setUp" time="0.0">
    <ignored/>
  </testcase> <!-- @BeforeTest setUp -->
  <testcase classname="com.base.BaseForTestNg" name="@BeforeTest setUp" time="0.0">
    <ignored/>
  </testcase> <!-- @BeforeTest setUp -->
  <testcase classname="com.base.BaseForTestNg" name="@BeforeTest setUp" time="0.0">
    <ignored/>
  </testcase> <!-- @BeforeTest setUp -->
  <testcase classname="com.base.BaseForTestNg" name="@BeforeTest setUp" time="0.0">
    <ignored/>
  </testcase> <!-- @BeforeTest setUp -->
</testsuite> <!-- EdgeTests -->
